2025-05-17T15:43:36.267731Z  INFO tailwindcss_oxide::scanner: Provided sources:
2025-05-17T15:43:36.267878Z  INFO tailwindcss_oxide::scanner: Source: PublicSourceEntry { base: "D:\\Data\\data\\Portfolio\\Website Builder\\website-builder", pattern: "**/*", negated: false }
2025-05-17T15:43:36.267915Z  INFO tailwindcss_oxide::scanner: Source: PublicSourceEntry { base: "D:\\Data\\data\\Portfolio\\Website Builder\\website-builder\\src\\app", pattern: "../node_modules/@uploadthing/react/dist", negated: false }
2025-05-17T15:43:36.268425Z  INFO tailwindcss_oxide::scanner: Optimized sources:
2025-05-17T15:43:36.268453Z  INFO tailwindcss_oxide::scanner: Source: Auto { base: "D:\\Data\\data\\Portfolio\\Website Builder\\website-builder" }
2025-05-17T15:43:36.270722Z  INFO tailwindcss_oxide::scanner: Source: Pattern { base: "D:\\Data\\data\\Portfolio\\Website Builder\\website-builder\\src\\app", pattern: "../node_modules/@uploadthing/react/dist" }
2025-05-17T15:43:36.272969Z  INFO scan_sources: tailwindcss_oxide::scanner: enter
2025-05-17T15:43:36.276543Z  INFO scan_sources: tailwindcss_oxide::scanner: Discovering "D:\\Data\\data\\Portfolio\\Website Builder\\website-builder\\.idea"
2025-05-17T15:43:36.277304Z  INFO scan_sources: tailwindcss_oxide::scanner: Discovering "D:\\Data\\data\\Portfolio\\Website Builder\\website-builder\\.idea\\inspectionProfiles"
2025-05-17T15:43:36.277985Z  INFO scan_sources: tailwindcss_oxide::scanner: Discovering "D:\\Data\\data\\Portfolio\\Website Builder\\website-builder\\.idea\\inspectionProfiles\\Project_Default.xml"
2025-05-17T15:43:36.278287Z  INFO scan_sources: tailwindcss_oxide::scanner: Discovering "D:\\Data\\data\\Portfolio\\Website Builder\\website-builder\\.idea\\modules.xml"
2025-05-17T15:43:36.278524Z  INFO scan_sources: tailwindcss_oxide::scanner: Discovering "D:\\Data\\data\\Portfolio\\Website Builder\\website-builder\\.idea\\vcs.xml"
2025-05-17T15:43:36.278740Z  INFO scan_sources: tailwindcss_oxide::scanner: Discovering "D:\\Data\\data\\Portfolio\\Website Builder\\website-builder\\.idea\\website-builder.iml"
2025-05-17T15:43:36.279764Z  INFO scan_sources: tailwindcss_oxide::scanner: Discovering "D:\\Data\\data\\Portfolio\\Website Builder\\website-builder\\.vscode"
2025-05-17T15:43:36.280179Z  INFO scan_sources: tailwindcss_oxide::scanner: Discovering "D:\\Data\\data\\Portfolio\\Website Builder\\website-builder\\.vscode\\settings.json"
2025-05-17T15:43:36.280433Z  INFO scan_sources: tailwindcss_oxide::scanner: Discovering "D:\\Data\\data\\Portfolio\\Website Builder\\website-builder\\components.json"
2025-05-17T15:43:36.280651Z  INFO scan_sources: tailwindcss_oxide::scanner: Discovering "D:\\Data\\data\\Portfolio\\Website Builder\\website-builder\\eslint.config.mjs"
2025-05-17T15:43:36.280868Z  INFO scan_sources: tailwindcss_oxide::scanner: Discovering "D:\\Data\\data\\Portfolio\\Website Builder\\website-builder\\next.config.ts"
2025-05-17T15:43:36.281508Z  INFO scan_sources: tailwindcss_oxide::scanner: Discovering "D:\\Data\\data\\Portfolio\\Website Builder\\website-builder\\package.json"
2025-05-17T15:43:36.281700Z  INFO scan_sources: tailwindcss_oxide::scanner: Discovering "D:\\Data\\data\\Portfolio\\Website Builder\\website-builder\\postcss.config.mjs"
2025-05-17T15:43:36.282052Z  INFO scan_sources: tailwindcss_oxide::scanner: Discovering "D:\\Data\\data\\Portfolio\\Website Builder\\website-builder\\prisma"
2025-05-17T15:43:36.282711Z  INFO scan_sources: tailwindcss_oxide::scanner: Discovering "D:\\Data\\data\\Portfolio\\Website Builder\\website-builder\\prisma\\migrations"
2025-05-17T15:43:36.283337Z  INFO scan_sources: tailwindcss_oxide::scanner: Discovering "D:\\Data\\data\\Portfolio\\Website Builder\\website-builder\\prisma\\migrations\\20250514191859_init"
2025-05-17T15:43:36.284148Z  INFO scan_sources: tailwindcss_oxide::scanner: Discovering "D:\\Data\\data\\Portfolio\\Website Builder\\website-builder\\prisma\\migrations\\20250514191859_init\\migration.sql"
2025-05-17T15:43:36.284635Z  INFO scan_sources: tailwindcss_oxide::scanner: Discovering "D:\\Data\\data\\Portfolio\\Website Builder\\website-builder\\prisma\\migrations\\20250514192452_fixed_some_spelling_issues"
2025-05-17T15:43:36.285407Z  INFO scan_sources: tailwindcss_oxide::scanner: Discovering "D:\\Data\\data\\Portfolio\\Website Builder\\website-builder\\prisma\\migrations\\20250514192452_fixed_some_spelling_issues\\migration.sql"
2025-05-17T15:43:36.286160Z  INFO scan_sources: tailwindcss_oxide::scanner: Discovering "D:\\Data\\data\\Portfolio\\Website Builder\\website-builder\\prisma\\migrations\\20250516110039_removed_cust_id_from_agency_just_for_now"
2025-05-17T15:43:36.286770Z  INFO scan_sources: tailwindcss_oxide::scanner: Discovering "D:\\Data\\data\\Portfolio\\Website Builder\\website-builder\\prisma\\migrations\\20250516110039_removed_cust_id_from_agency_just_for_now\\migration.sql"
2025-05-17T15:43:36.287226Z  INFO scan_sources: tailwindcss_oxide::scanner: Discovering "D:\\Data\\data\\Portfolio\\Website Builder\\website-builder\\prisma\\migrations\\20250517121620_fixed_city_captilization"
2025-05-17T15:43:36.287871Z  INFO scan_sources: tailwindcss_oxide::scanner: Discovering "D:\\Data\\data\\Portfolio\\Website Builder\\website-builder\\prisma\\migrations\\20250517121620_fixed_city_captilization\\migration.sql"
2025-05-17T15:43:36.288120Z  INFO scan_sources: tailwindcss_oxide::scanner: Discovering "D:\\Data\\data\\Portfolio\\Website Builder\\website-builder\\prisma\\migrations\\migration_lock.toml"
2025-05-17T15:43:36.288363Z  INFO scan_sources: tailwindcss_oxide::scanner: Discovering "D:\\Data\\data\\Portfolio\\Website Builder\\website-builder\\prisma\\schema.prisma"
2025-05-17T15:43:36.288741Z  INFO scan_sources: tailwindcss_oxide::scanner: Discovering "D:\\Data\\data\\Portfolio\\Website Builder\\website-builder\\public"
2025-05-17T15:43:36.289338Z  INFO scan_sources: tailwindcss_oxide::scanner: Discovering "D:\\Data\\data\\Portfolio\\Website Builder\\website-builder\\public\\assets"
2025-05-17T15:43:36.289807Z  INFO scan_sources: tailwindcss_oxide::scanner: Discovering "D:\\Data\\data\\Portfolio\\Website Builder\\website-builder\\public\\file.svg"
2025-05-17T15:43:36.289999Z  INFO scan_sources: tailwindcss_oxide::scanner: Discovering "D:\\Data\\data\\Portfolio\\Website Builder\\website-builder\\public\\globe.svg"
2025-05-17T15:43:36.290175Z  INFO scan_sources: tailwindcss_oxide::scanner: Discovering "D:\\Data\\data\\Portfolio\\Website Builder\\website-builder\\public\\next.svg"
2025-05-17T15:43:36.290342Z  INFO scan_sources: tailwindcss_oxide::scanner: Discovering "D:\\Data\\data\\Portfolio\\Website Builder\\website-builder\\public\\vercel.svg"
2025-05-17T15:43:36.290505Z  INFO scan_sources: tailwindcss_oxide::scanner: Discovering "D:\\Data\\data\\Portfolio\\Website Builder\\website-builder\\public\\window.svg"
2025-05-17T15:43:36.290713Z  INFO scan_sources: tailwindcss_oxide::scanner: Discovering "D:\\Data\\data\\Portfolio\\Website Builder\\website-builder\\README.md"
2025-05-17T15:43:36.291269Z  INFO scan_sources: tailwindcss_oxide::scanner: Discovering "D:\\Data\\data\\Portfolio\\Website Builder\\website-builder\\src"
2025-05-17T15:43:36.292022Z  INFO scan_sources: tailwindcss_oxide::scanner: Discovering "D:\\Data\\data\\Portfolio\\Website Builder\\website-builder\\src\\app"
2025-05-17T15:43:36.292670Z  INFO scan_sources: tailwindcss_oxide::scanner: Discovering "D:\\Data\\data\\Portfolio\\Website Builder\\website-builder\\src\\app\\(main)"
2025-05-17T15:43:36.293261Z  INFO scan_sources: tailwindcss_oxide::scanner: Discovering "D:\\Data\\data\\Portfolio\\Website Builder\\website-builder\\src\\app\\(main)\\agency"
2025-05-17T15:43:36.293773Z  INFO scan_sources: tailwindcss_oxide::scanner: Discovering "D:\\Data\\data\\Portfolio\\Website Builder\\website-builder\\src\\app\\(main)\\agency\\(auth)"
2025-05-17T15:43:36.294140Z  INFO scan_sources: tailwindcss_oxide::scanner: Discovering "D:\\Data\\data\\Portfolio\\Website Builder\\website-builder\\src\\app\\(main)\\agency\\(auth)\\layout.tsx"
2025-05-17T15:43:36.294426Z  INFO scan_sources: tailwindcss_oxide::scanner: Discovering "D:\\Data\\data\\Portfolio\\Website Builder\\website-builder\\src\\app\\(main)\\agency\\(auth)\\sign-in"
2025-05-17T15:43:36.294885Z  INFO scan_sources: tailwindcss_oxide::scanner: Discovering "D:\\Data\\data\\Portfolio\\Website Builder\\website-builder\\src\\app\\(main)\\agency\\(auth)\\sign-in\\page.tsx"
2025-05-17T15:43:36.295200Z  INFO scan_sources: tailwindcss_oxide::scanner: Discovering "D:\\Data\\data\\Portfolio\\Website Builder\\website-builder\\src\\app\\(main)\\agency\\(auth)\\sign-in\\[[...sign-in]]"
2025-05-17T15:43:36.295936Z  INFO scan_sources: tailwindcss_oxide::scanner: Discovering "D:\\Data\\data\\Portfolio\\Website Builder\\website-builder\\src\\app\\(main)\\agency\\(auth)\\sign-up"
2025-05-17T15:43:36.296437Z  INFO scan_sources: tailwindcss_oxide::scanner: Discovering "D:\\Data\\data\\Portfolio\\Website Builder\\website-builder\\src\\app\\(main)\\agency\\(auth)\\sign-up\\[[...sign-up]]"
2025-05-17T15:43:36.296828Z  INFO scan_sources: tailwindcss_oxide::scanner: Discovering "D:\\Data\\data\\Portfolio\\Website Builder\\website-builder\\src\\app\\(main)\\agency\\(auth)\\sign-up\\[[...sign-up]]\\page.tsx"
2025-05-17T15:43:36.297060Z  INFO scan_sources: tailwindcss_oxide::scanner: Discovering "D:\\Data\\data\\Portfolio\\Website Builder\\website-builder\\src\\app\\(main)\\agency\\page.tsx"
2025-05-17T15:43:36.297367Z  INFO scan_sources: tailwindcss_oxide::scanner: Discovering "D:\\Data\\data\\Portfolio\\Website Builder\\website-builder\\src\\app\\(main)\\agency\\[agencyId]"
2025-05-17T15:43:36.297759Z  INFO scan_sources: tailwindcss_oxide::scanner: Discovering "D:\\Data\\data\\Portfolio\\Website Builder\\website-builder\\src\\app\\(main)\\agency\\[agencyId]\\page.tsx"
2025-05-17T15:43:36.298022Z  INFO scan_sources: tailwindcss_oxide::scanner: Discovering "D:\\Data\\data\\Portfolio\\Website Builder\\website-builder\\src\\app\\(main)\\layout.tsx"
2025-05-17T15:43:36.298520Z  INFO scan_sources: tailwindcss_oxide::scanner: Discovering "D:\\Data\\data\\Portfolio\\Website Builder\\website-builder\\src\\app\\(main)\\subaccount"
2025-05-17T15:43:36.299083Z  INFO scan_sources: tailwindcss_oxide::scanner: Discovering "D:\\Data\\data\\Portfolio\\Website Builder\\website-builder\\src\\app\\(main)\\subaccount\\layout.tsx"
2025-05-17T15:43:36.299673Z  INFO scan_sources: tailwindcss_oxide::scanner: Discovering "D:\\Data\\data\\Portfolio\\Website Builder\\website-builder\\src\\app\\api"
2025-05-17T15:43:36.300261Z  INFO scan_sources: tailwindcss_oxide::scanner: Discovering "D:\\Data\\data\\Portfolio\\Website Builder\\website-builder\\src\\app\\api\\uploadthing"
2025-05-17T15:43:36.300659Z  INFO scan_sources: tailwindcss_oxide::scanner: Discovering "D:\\Data\\data\\Portfolio\\Website Builder\\website-builder\\src\\app\\api\\uploadthing\\core.ts"
2025-05-17T15:43:36.300852Z  INFO scan_sources: tailwindcss_oxide::scanner: Discovering "D:\\Data\\data\\Portfolio\\Website Builder\\website-builder\\src\\app\\api\\uploadthing\\route.ts"
2025-05-17T15:43:36.301228Z  INFO scan_sources: tailwindcss_oxide::scanner: Discovering "D:\\Data\\data\\Portfolio\\Website Builder\\website-builder\\src\\app\\generated"
2025-05-17T15:43:36.301713Z  INFO scan_sources: tailwindcss_oxide::scanner: Discovering "D:\\Data\\data\\Portfolio\\Website Builder\\website-builder\\src\\app\\generated\\prisma"
2025-05-17T15:43:36.302093Z  INFO scan_sources: tailwindcss_oxide::scanner: Discovering "D:\\Data\\data\\Portfolio\\Website Builder\\website-builder\\src\\app\\generated\\prisma\\client.d.ts"
2025-05-17T15:43:36.302263Z  INFO scan_sources: tailwindcss_oxide::scanner: Discovering "D:\\Data\\data\\Portfolio\\Website Builder\\website-builder\\src\\app\\generated\\prisma\\client.js"
2025-05-17T15:43:36.302434Z  INFO scan_sources: tailwindcss_oxide::scanner: Discovering "D:\\Data\\data\\Portfolio\\Website Builder\\website-builder\\src\\app\\generated\\prisma\\default.d.ts"
2025-05-17T15:43:36.302599Z  INFO scan_sources: tailwindcss_oxide::scanner: Discovering "D:\\Data\\data\\Portfolio\\Website Builder\\website-builder\\src\\app\\generated\\prisma\\default.js"
2025-05-17T15:43:36.302766Z  INFO scan_sources: tailwindcss_oxide::scanner: Discovering "D:\\Data\\data\\Portfolio\\Website Builder\\website-builder\\src\\app\\generated\\prisma\\edge.d.ts"
2025-05-17T15:43:36.302965Z  INFO scan_sources: tailwindcss_oxide::scanner: Discovering "D:\\Data\\data\\Portfolio\\Website Builder\\website-builder\\src\\app\\generated\\prisma\\edge.js"
2025-05-17T15:43:36.303148Z  INFO scan_sources: tailwindcss_oxide::scanner: Discovering "D:\\Data\\data\\Portfolio\\Website Builder\\website-builder\\src\\app\\generated\\prisma\\index-browser.js"
2025-05-17T15:43:36.303318Z  INFO scan_sources: tailwindcss_oxide::scanner: Discovering "D:\\Data\\data\\Portfolio\\Website Builder\\website-builder\\src\\app\\generated\\prisma\\index.d.ts"
2025-05-17T15:43:36.303493Z  INFO scan_sources: tailwindcss_oxide::scanner: Discovering "D:\\Data\\data\\Portfolio\\Website Builder\\website-builder\\src\\app\\generated\\prisma\\index.js"
2025-05-17T15:43:36.303689Z  INFO scan_sources: tailwindcss_oxide::scanner: Discovering "D:\\Data\\data\\Portfolio\\Website Builder\\website-builder\\src\\app\\generated\\prisma\\package.json"
2025-05-17T15:43:36.304075Z  INFO scan_sources: tailwindcss_oxide::scanner: Discovering "D:\\Data\\data\\Portfolio\\Website Builder\\website-builder\\src\\app\\generated\\prisma\\runtime"
2025-05-17T15:43:36.304489Z  INFO scan_sources: tailwindcss_oxide::scanner: Discovering "D:\\Data\\data\\Portfolio\\Website Builder\\website-builder\\src\\app\\generated\\prisma\\runtime\\edge-esm.js"
2025-05-17T15:43:36.304678Z  INFO scan_sources: tailwindcss_oxide::scanner: Discovering "D:\\Data\\data\\Portfolio\\Website Builder\\website-builder\\src\\app\\generated\\prisma\\runtime\\edge.js"
2025-05-17T15:43:36.304930Z  INFO scan_sources: tailwindcss_oxide::scanner: Discovering "D:\\Data\\data\\Portfolio\\Website Builder\\website-builder\\src\\app\\generated\\prisma\\runtime\\index-browser.d.ts"
2025-05-17T15:43:36.305116Z  INFO scan_sources: tailwindcss_oxide::scanner: Discovering "D:\\Data\\data\\Portfolio\\Website Builder\\website-builder\\src\\app\\generated\\prisma\\runtime\\index-browser.js"
2025-05-17T15:43:36.305293Z  INFO scan_sources: tailwindcss_oxide::scanner: Discovering "D:\\Data\\data\\Portfolio\\Website Builder\\website-builder\\src\\app\\generated\\prisma\\runtime\\library.d.ts"
2025-05-17T15:43:36.305496Z  INFO scan_sources: tailwindcss_oxide::scanner: Discovering "D:\\Data\\data\\Portfolio\\Website Builder\\website-builder\\src\\app\\generated\\prisma\\runtime\\library.js"
2025-05-17T15:43:36.305704Z  INFO scan_sources: tailwindcss_oxide::scanner: Discovering "D:\\Data\\data\\Portfolio\\Website Builder\\website-builder\\src\\app\\generated\\prisma\\runtime\\react-native.js"
2025-05-17T15:43:36.305933Z  INFO scan_sources: tailwindcss_oxide::scanner: Discovering "D:\\Data\\data\\Portfolio\\Website Builder\\website-builder\\src\\app\\generated\\prisma\\runtime\\wasm.js"
2025-05-17T15:43:36.306219Z  INFO scan_sources: tailwindcss_oxide::scanner: Discovering "D:\\Data\\data\\Portfolio\\Website Builder\\website-builder\\src\\app\\generated\\prisma\\schema.prisma"
2025-05-17T15:43:36.306403Z  INFO scan_sources: tailwindcss_oxide::scanner: Discovering "D:\\Data\\data\\Portfolio\\Website Builder\\website-builder\\src\\app\\generated\\prisma\\wasm.d.ts"
2025-05-17T15:43:36.306571Z  INFO scan_sources: tailwindcss_oxide::scanner: Discovering "D:\\Data\\data\\Portfolio\\Website Builder\\website-builder\\src\\app\\generated\\prisma\\wasm.js"
2025-05-17T15:43:36.306794Z  INFO scan_sources: tailwindcss_oxide::scanner: Discovering "D:\\Data\\data\\Portfolio\\Website Builder\\website-builder\\src\\app\\globals.css"
2025-05-17T15:43:36.306994Z  INFO scan_sources: tailwindcss_oxide::scanner: Discovering "D:\\Data\\data\\Portfolio\\Website Builder\\website-builder\\src\\app\\layout.tsx"
2025-05-17T15:43:36.307322Z  INFO scan_sources: tailwindcss_oxide::scanner: Discovering "D:\\Data\\data\\Portfolio\\Website Builder\\website-builder\\src\\app\\site"
2025-05-17T15:43:36.307719Z  INFO scan_sources: tailwindcss_oxide::scanner: Discovering "D:\\Data\\data\\Portfolio\\Website Builder\\website-builder\\src\\app\\site\\layout.tsx"
2025-05-17T15:43:36.307980Z  INFO scan_sources: tailwindcss_oxide::scanner: Discovering "D:\\Data\\data\\Portfolio\\Website Builder\\website-builder\\src\\app\\site\\page.tsx"
2025-05-17T15:43:36.308312Z  INFO scan_sources: tailwindcss_oxide::scanner: Discovering "D:\\Data\\data\\Portfolio\\Website Builder\\website-builder\\src\\app\\[domain]"
2025-05-17T15:43:36.308719Z  INFO scan_sources: tailwindcss_oxide::scanner: Discovering "D:\\Data\\data\\Portfolio\\Website Builder\\website-builder\\src\\app\\[domain]\\page.tsx"
2025-05-17T15:43:36.309022Z  INFO scan_sources: tailwindcss_oxide::scanner: Discovering "D:\\Data\\data\\Portfolio\\Website Builder\\website-builder\\src\\app\\[domain]\\[path]"
2025-05-17T15:43:36.309373Z  INFO scan_sources: tailwindcss_oxide::scanner: Discovering "D:\\Data\\data\\Portfolio\\Website Builder\\website-builder\\src\\app\\[domain]\\[path]\\page.tsx"
2025-05-17T15:43:36.309739Z  INFO scan_sources: tailwindcss_oxide::scanner: Discovering "D:\\Data\\data\\Portfolio\\Website Builder\\website-builder\\src\\components"
2025-05-17T15:43:36.310216Z  INFO scan_sources: tailwindcss_oxide::scanner: Discovering "D:\\Data\\data\\Portfolio\\Website Builder\\website-builder\\src\\components\\forms"
2025-05-17T15:43:36.310567Z  INFO scan_sources: tailwindcss_oxide::scanner: Discovering "D:\\Data\\data\\Portfolio\\Website Builder\\website-builder\\src\\components\\forms\\AgencyDetails.tsx"
2025-05-17T15:43:36.310860Z  INFO scan_sources: tailwindcss_oxide::scanner: Discovering "D:\\Data\\data\\Portfolio\\Website Builder\\website-builder\\src\\components\\global"
2025-05-17T15:43:36.311222Z  INFO scan_sources: tailwindcss_oxide::scanner: Discovering "D:\\Data\\data\\Portfolio\\Website Builder\\website-builder\\src\\components\\global\\file-upload.tsx"
2025-05-17T15:43:36.311385Z  INFO scan_sources: tailwindcss_oxide::scanner: Discovering "D:\\Data\\data\\Portfolio\\Website Builder\\website-builder\\src\\components\\global\\loading-page.tsx"
2025-05-17T15:43:36.311780Z  INFO scan_sources: tailwindcss_oxide::scanner: Discovering "D:\\Data\\data\\Portfolio\\Website Builder\\website-builder\\src\\components\\global\\ModeToggle.tsx"
2025-05-17T15:43:36.312194Z  INFO scan_sources: tailwindcss_oxide::scanner: Discovering "D:\\Data\\data\\Portfolio\\Website Builder\\website-builder\\src\\components\\site"
2025-05-17T15:43:36.312917Z  INFO scan_sources: tailwindcss_oxide::scanner: Discovering "D:\\Data\\data\\Portfolio\\Website Builder\\website-builder\\src\\components\\site\\Navigation"
2025-05-17T15:43:36.313449Z  INFO scan_sources: tailwindcss_oxide::scanner: Discovering "D:\\Data\\data\\Portfolio\\Website Builder\\website-builder\\src\\components\\site\\Navigation\\index.tsx"
2025-05-17T15:43:36.313849Z  INFO scan_sources: tailwindcss_oxide::scanner: Discovering "D:\\Data\\data\\Portfolio\\Website Builder\\website-builder\\src\\components\\ui"
2025-05-17T15:43:36.314264Z  INFO scan_sources: tailwindcss_oxide::scanner: Discovering "D:\\Data\\data\\Portfolio\\Website Builder\\website-builder\\src\\components\\ui\\accordion.tsx"
2025-05-17T15:43:36.314459Z  INFO scan_sources: tailwindcss_oxide::scanner: Discovering "D:\\Data\\data\\Portfolio\\Website Builder\\website-builder\\src\\components\\ui\\alert-dialog.tsx"
2025-05-17T15:43:36.314642Z  INFO scan_sources: tailwindcss_oxide::scanner: Discovering "D:\\Data\\data\\Portfolio\\Website Builder\\website-builder\\src\\components\\ui\\alert.tsx"
2025-05-17T15:43:36.314810Z  INFO scan_sources: tailwindcss_oxide::scanner: Discovering "D:\\Data\\data\\Portfolio\\Website Builder\\website-builder\\src\\components\\ui\\aspect-ratio.tsx"
2025-05-17T15:43:36.314972Z  INFO scan_sources: tailwindcss_oxide::scanner: Discovering "D:\\Data\\data\\Portfolio\\Website Builder\\website-builder\\src\\components\\ui\\avatar.tsx"
2025-05-17T15:43:36.315140Z  INFO scan_sources: tailwindcss_oxide::scanner: Discovering "D:\\Data\\data\\Portfolio\\Website Builder\\website-builder\\src\\components\\ui\\badge.tsx"
2025-05-17T15:43:36.315301Z  INFO scan_sources: tailwindcss_oxide::scanner: Discovering "D:\\Data\\data\\Portfolio\\Website Builder\\website-builder\\src\\components\\ui\\breadcrumb.tsx"
2025-05-17T15:43:36.315470Z  INFO scan_sources: tailwindcss_oxide::scanner: Discovering "D:\\Data\\data\\Portfolio\\Website Builder\\website-builder\\src\\components\\ui\\button.tsx"
2025-05-17T15:43:36.315662Z  INFO scan_sources: tailwindcss_oxide::scanner: Discovering "D:\\Data\\data\\Portfolio\\Website Builder\\website-builder\\src\\components\\ui\\calendar.tsx"
2025-05-17T15:43:36.315829Z  INFO scan_sources: tailwindcss_oxide::scanner: Discovering "D:\\Data\\data\\Portfolio\\Website Builder\\website-builder\\src\\components\\ui\\card.tsx"
2025-05-17T15:43:36.315987Z  INFO scan_sources: tailwindcss_oxide::scanner: Discovering "D:\\Data\\data\\Portfolio\\Website Builder\\website-builder\\src\\components\\ui\\carousel.tsx"
2025-05-17T15:43:36.316152Z  INFO scan_sources: tailwindcss_oxide::scanner: Discovering "D:\\Data\\data\\Portfolio\\Website Builder\\website-builder\\src\\components\\ui\\chart.tsx"
2025-05-17T15:43:36.316332Z  INFO scan_sources: tailwindcss_oxide::scanner: Discovering "D:\\Data\\data\\Portfolio\\Website Builder\\website-builder\\src\\components\\ui\\checkbox.tsx"
2025-05-17T15:43:36.316492Z  INFO scan_sources: tailwindcss_oxide::scanner: Discovering "D:\\Data\\data\\Portfolio\\Website Builder\\website-builder\\src\\components\\ui\\collapsible.tsx"
2025-05-17T15:43:36.316647Z  INFO scan_sources: tailwindcss_oxide::scanner: Discovering "D:\\Data\\data\\Portfolio\\Website Builder\\website-builder\\src\\components\\ui\\command.tsx"
2025-05-17T15:43:36.316802Z  INFO scan_sources: tailwindcss_oxide::scanner: Discovering "D:\\Data\\data\\Portfolio\\Website Builder\\website-builder\\src\\components\\ui\\context-menu.tsx"
2025-05-17T15:43:36.316960Z  INFO scan_sources: tailwindcss_oxide::scanner: Discovering "D:\\Data\\data\\Portfolio\\Website Builder\\website-builder\\src\\components\\ui\\dialog.tsx"
2025-05-17T15:43:36.317123Z  INFO scan_sources: tailwindcss_oxide::scanner: Discovering "D:\\Data\\data\\Portfolio\\Website Builder\\website-builder\\src\\components\\ui\\drawer.tsx"
2025-05-17T15:43:36.317287Z  INFO scan_sources: tailwindcss_oxide::scanner: Discovering "D:\\Data\\data\\Portfolio\\Website Builder\\website-builder\\src\\components\\ui\\dropdown-menu.tsx"
2025-05-17T15:43:36.317453Z  INFO scan_sources: tailwindcss_oxide::scanner: Discovering "D:\\Data\\data\\Portfolio\\Website Builder\\website-builder\\src\\components\\ui\\form.tsx"
2025-05-17T15:43:36.317632Z  INFO scan_sources: tailwindcss_oxide::scanner: Discovering "D:\\Data\\data\\Portfolio\\Website Builder\\website-builder\\src\\components\\ui\\hover-card.tsx"
2025-05-17T15:43:36.317791Z  INFO scan_sources: tailwindcss_oxide::scanner: Discovering "D:\\Data\\data\\Portfolio\\Website Builder\\website-builder\\src\\components\\ui\\input-otp.tsx"
2025-05-17T15:43:36.317945Z  INFO scan_sources: tailwindcss_oxide::scanner: Discovering "D:\\Data\\data\\Portfolio\\Website Builder\\website-builder\\src\\components\\ui\\input.tsx"
2025-05-17T15:43:36.318099Z  INFO scan_sources: tailwindcss_oxide::scanner: Discovering "D:\\Data\\data\\Portfolio\\Website Builder\\website-builder\\src\\components\\ui\\label.tsx"
2025-05-17T15:43:36.318274Z  INFO scan_sources: tailwindcss_oxide::scanner: Discovering "D:\\Data\\data\\Portfolio\\Website Builder\\website-builder\\src\\components\\ui\\menubar.tsx"
2025-05-17T15:43:36.318461Z  INFO scan_sources: tailwindcss_oxide::scanner: Discovering "D:\\Data\\data\\Portfolio\\Website Builder\\website-builder\\src\\components\\ui\\navigation-menu.tsx"
2025-05-17T15:43:36.318798Z  INFO scan_sources: tailwindcss_oxide::scanner: Discovering "D:\\Data\\data\\Portfolio\\Website Builder\\website-builder\\src\\components\\ui\\pagination.tsx"
2025-05-17T15:43:36.319168Z  INFO scan_sources: tailwindcss_oxide::scanner: Discovering "D:\\Data\\data\\Portfolio\\Website Builder\\website-builder\\src\\components\\ui\\popover.tsx"
2025-05-17T15:43:36.319253Z  INFO scan_sources: tailwindcss_oxide::scanner: Discovering "D:\\Data\\data\\Portfolio\\Website Builder\\website-builder\\src\\components\\ui\\progress.tsx"
2025-05-17T15:43:36.319328Z  INFO scan_sources: tailwindcss_oxide::scanner: Discovering "D:\\Data\\data\\Portfolio\\Website Builder\\website-builder\\src\\components\\ui\\radio-group.tsx"
2025-05-17T15:43:36.319395Z  INFO scan_sources: tailwindcss_oxide::scanner: Discovering "D:\\Data\\data\\Portfolio\\Website Builder\\website-builder\\src\\components\\ui\\resizable.tsx"
2025-05-17T15:43:36.319599Z  INFO scan_sources: tailwindcss_oxide::scanner: Discovering "D:\\Data\\data\\Portfolio\\Website Builder\\website-builder\\src\\components\\ui\\scroll-area.tsx"
2025-05-17T15:43:36.319892Z  INFO scan_sources: tailwindcss_oxide::scanner: Discovering "D:\\Data\\data\\Portfolio\\Website Builder\\website-builder\\src\\components\\ui\\select.tsx"
2025-05-17T15:43:36.319999Z  INFO scan_sources: tailwindcss_oxide::scanner: Discovering "D:\\Data\\data\\Portfolio\\Website Builder\\website-builder\\src\\components\\ui\\separator.tsx"
2025-05-17T15:43:36.320067Z  INFO scan_sources: tailwindcss_oxide::scanner: Discovering "D:\\Data\\data\\Portfolio\\Website Builder\\website-builder\\src\\components\\ui\\sheet.tsx"
2025-05-17T15:43:36.320132Z  INFO scan_sources: tailwindcss_oxide::scanner: Discovering "D:\\Data\\data\\Portfolio\\Website Builder\\website-builder\\src\\components\\ui\\sidebar.tsx"
2025-05-17T15:43:36.320197Z  INFO scan_sources: tailwindcss_oxide::scanner: Discovering "D:\\Data\\data\\Portfolio\\Website Builder\\website-builder\\src\\components\\ui\\skeleton.tsx"
2025-05-17T15:43:36.320258Z  INFO scan_sources: tailwindcss_oxide::scanner: Discovering "D:\\Data\\data\\Portfolio\\Website Builder\\website-builder\\src\\components\\ui\\slider.tsx"
2025-05-17T15:43:36.320319Z  INFO scan_sources: tailwindcss_oxide::scanner: Discovering "D:\\Data\\data\\Portfolio\\Website Builder\\website-builder\\src\\components\\ui\\sonner.tsx"
2025-05-17T15:43:36.320382Z  INFO scan_sources: tailwindcss_oxide::scanner: Discovering "D:\\Data\\data\\Portfolio\\Website Builder\\website-builder\\src\\components\\ui\\switch.tsx"
2025-05-17T15:43:36.320457Z  INFO scan_sources: tailwindcss_oxide::scanner: Discovering "D:\\Data\\data\\Portfolio\\Website Builder\\website-builder\\src\\components\\ui\\table.tsx"
2025-05-17T15:43:36.320515Z  INFO scan_sources: tailwindcss_oxide::scanner: Discovering "D:\\Data\\data\\Portfolio\\Website Builder\\website-builder\\src\\components\\ui\\tabs.tsx"
2025-05-17T15:43:36.320589Z  INFO scan_sources: tailwindcss_oxide::scanner: Discovering "D:\\Data\\data\\Portfolio\\Website Builder\\website-builder\\src\\components\\ui\\textarea.tsx"
2025-05-17T15:43:36.320653Z  INFO scan_sources: tailwindcss_oxide::scanner: Discovering "D:\\Data\\data\\Portfolio\\Website Builder\\website-builder\\src\\components\\ui\\toggle-group.tsx"
2025-05-17T15:43:36.320710Z  INFO scan_sources: tailwindcss_oxide::scanner: Discovering "D:\\Data\\data\\Portfolio\\Website Builder\\website-builder\\src\\components\\ui\\toggle.tsx"
2025-05-17T15:43:36.320767Z  INFO scan_sources: tailwindcss_oxide::scanner: Discovering "D:\\Data\\data\\Portfolio\\Website Builder\\website-builder\\src\\components\\ui\\tooltip.tsx"
2025-05-17T15:43:36.320862Z  INFO scan_sources: tailwindcss_oxide::scanner: Discovering "D:\\Data\\data\\Portfolio\\Website Builder\\website-builder\\src\\config.ts"
2025-05-17T15:43:36.320981Z  INFO scan_sources: tailwindcss_oxide::scanner: Discovering "D:\\Data\\data\\Portfolio\\Website Builder\\website-builder\\src\\hooks"
2025-05-17T15:43:36.321139Z  INFO scan_sources: tailwindcss_oxide::scanner: Discovering "D:\\Data\\data\\Portfolio\\Website Builder\\website-builder\\src\\hooks\\use-mobile.ts"
2025-05-17T15:43:36.321250Z  INFO scan_sources: tailwindcss_oxide::scanner: Discovering "D:\\Data\\data\\Portfolio\\Website Builder\\website-builder\\src\\lib"
2025-05-17T15:43:36.321380Z  INFO scan_sources: tailwindcss_oxide::scanner: Discovering "D:\\Data\\data\\Portfolio\\Website Builder\\website-builder\\src\\lib\\constants.ts"
2025-05-17T15:43:36.321458Z  INFO scan_sources: tailwindcss_oxide::scanner: Discovering "D:\\Data\\data\\Portfolio\\Website Builder\\website-builder\\src\\lib\\prisma.ts"
2025-05-17T15:43:36.321519Z  INFO scan_sources: tailwindcss_oxide::scanner: Discovering "D:\\Data\\data\\Portfolio\\Website Builder\\website-builder\\src\\lib\\queries.ts"
2025-05-17T15:43:36.321578Z  INFO scan_sources: tailwindcss_oxide::scanner: Discovering "D:\\Data\\data\\Portfolio\\Website Builder\\website-builder\\src\\lib\\uploadthing.ts"
2025-05-17T15:43:36.321648Z  INFO scan_sources: tailwindcss_oxide::scanner: Discovering "D:\\Data\\data\\Portfolio\\Website Builder\\website-builder\\src\\lib\\utils.ts"
2025-05-17T15:43:36.321718Z  INFO scan_sources: tailwindcss_oxide::scanner: Discovering "D:\\Data\\data\\Portfolio\\Website Builder\\website-builder\\src\\middleware.ts"
2025-05-17T15:43:36.321819Z  INFO scan_sources: tailwindcss_oxide::scanner: Discovering "D:\\Data\\data\\Portfolio\\Website Builder\\website-builder\\src\\providers"
2025-05-17T15:43:36.321959Z  INFO scan_sources: tailwindcss_oxide::scanner: Discovering "D:\\Data\\data\\Portfolio\\Website Builder\\website-builder\\src\\providers\\theme-provider.tsx"
2025-05-17T15:43:36.322053Z  INFO scan_sources: tailwindcss_oxide::scanner: Discovering "D:\\Data\\data\\Portfolio\\Website Builder\\website-builder\\tsconfig.json"
2025-05-17T15:43:36.323032Z  INFO scan_sources: tailwindcss_oxide::scanner: Discovering "D:\\Data\\data\\Portfolio\\Website Builder\\website-builder\\src\\app\\(main)"
2025-05-17T15:43:36.323224Z  INFO scan_sources: tailwindcss_oxide::scanner: Discovering "D:\\Data\\data\\Portfolio\\Website Builder\\website-builder\\src\\app\\(main)\\agency"
2025-05-17T15:43:36.323406Z  INFO scan_sources: tailwindcss_oxide::scanner: Discovering "D:\\Data\\data\\Portfolio\\Website Builder\\website-builder\\src\\app\\(main)\\agency\\(auth)"
2025-05-17T15:43:36.323613Z  INFO scan_sources: tailwindcss_oxide::scanner: Discovering "D:\\Data\\data\\Portfolio\\Website Builder\\website-builder\\src\\app\\(main)\\agency\\(auth)\\sign-in"
2025-05-17T15:43:36.323830Z  INFO scan_sources: tailwindcss_oxide::scanner: Discovering "D:\\Data\\data\\Portfolio\\Website Builder\\website-builder\\src\\app\\(main)\\agency\\(auth)\\sign-in\\[[...sign-in]]"
2025-05-17T15:43:36.324019Z  INFO scan_sources: tailwindcss_oxide::scanner: Discovering "D:\\Data\\data\\Portfolio\\Website Builder\\website-builder\\src\\app\\(main)\\agency\\(auth)\\sign-up"
2025-05-17T15:43:36.324191Z  INFO scan_sources: tailwindcss_oxide::scanner: Discovering "D:\\Data\\data\\Portfolio\\Website Builder\\website-builder\\src\\app\\(main)\\agency\\(auth)\\sign-up\\[[...sign-up]]"
2025-05-17T15:43:36.324450Z  INFO scan_sources: tailwindcss_oxide::scanner: Discovering "D:\\Data\\data\\Portfolio\\Website Builder\\website-builder\\src\\app\\(main)\\agency\\[agencyId]"
2025-05-17T15:43:36.324712Z  INFO scan_sources: tailwindcss_oxide::scanner: Discovering "D:\\Data\\data\\Portfolio\\Website Builder\\website-builder\\src\\app\\(main)\\subaccount"
2025-05-17T15:43:36.324938Z  INFO scan_sources: tailwindcss_oxide::scanner: Discovering "D:\\Data\\data\\Portfolio\\Website Builder\\website-builder\\src\\app\\api"
2025-05-17T15:43:36.325109Z  INFO scan_sources: tailwindcss_oxide::scanner: Discovering "D:\\Data\\data\\Portfolio\\Website Builder\\website-builder\\src\\app\\api\\uploadthing"
2025-05-17T15:43:36.325373Z  INFO scan_sources: tailwindcss_oxide::scanner: Discovering "D:\\Data\\data\\Portfolio\\Website Builder\\website-builder\\src\\app\\generated"
2025-05-17T15:43:36.325558Z  INFO scan_sources: tailwindcss_oxide::scanner: Discovering "D:\\Data\\data\\Portfolio\\Website Builder\\website-builder\\src\\app\\generated\\prisma"
2025-05-17T15:43:36.326150Z  INFO scan_sources: tailwindcss_oxide::scanner: Discovering "D:\\Data\\data\\Portfolio\\Website Builder\\website-builder\\src\\app\\generated\\prisma\\runtime"
2025-05-17T15:43:36.326905Z  INFO scan_sources: tailwindcss_oxide::scanner: Discovering "D:\\Data\\data\\Portfolio\\Website Builder\\website-builder\\src\\app\\site"
2025-05-17T15:43:36.327271Z  INFO scan_sources: tailwindcss_oxide::scanner: Discovering "D:\\Data\\data\\Portfolio\\Website Builder\\website-builder\\src\\app\\[domain]"
2025-05-17T15:43:36.327493Z  INFO scan_sources: tailwindcss_oxide::scanner: Discovering "D:\\Data\\data\\Portfolio\\Website Builder\\website-builder\\src\\app\\[domain]\\[path]"
2025-05-17T15:43:36.327717Z  INFO scan_sources: tailwindcss_oxide::scanner: exit
2025-05-17T15:43:36.327727Z  INFO extract_candidates: tailwindcss_oxide::scanner: enter
2025-05-17T15:43:36.327734Z  INFO extract_candidates:read_all_files: tailwindcss_oxide::scanner: enter
2025-05-17T15:43:36.327737Z  INFO extract_candidates:read_all_files: tailwindcss_oxide::scanner: Reading 118 file(s)
2025-05-17T15:43:36.328290Z  INFO tailwindcss_oxide::scanner: Reading "D:\\Data\\data\\Portfolio\\Website Builder\\website-builder\\.idea\\inspectionProfiles\\Project_Default.xml"
2025-05-17T15:43:36.328467Z  INFO tailwindcss_oxide::scanner: Reading "D:\\Data\\data\\Portfolio\\Website Builder\\website-builder\\src\\components\\global\\loading-page.tsx"
2025-05-17T15:43:36.328490Z  INFO tailwindcss_oxide::scanner: Reading "D:\\Data\\data\\Portfolio\\Website Builder\\website-builder\\.idea\\modules.xml"
2025-05-17T15:43:36.328623Z  INFO tailwindcss_oxide::scanner: Reading "D:\\Data\\data\\Portfolio\\Website Builder\\website-builder\\.idea\\vcs.xml"
2025-05-17T15:43:36.328626Z  INFO tailwindcss_oxide::scanner: Reading "D:\\Data\\data\\Portfolio\\Website Builder\\website-builder\\src\\components\\global\\ModeToggle.tsx"
2025-05-17T15:43:36.328634Z  INFO tailwindcss_oxide::scanner: Reading "D:\\Data\\data\\Portfolio\\Website Builder\\website-builder\\src\\app\\api\\uploadthing\\core.ts"
2025-05-17T15:43:36.328770Z  INFO tailwindcss_oxide::scanner: Reading "D:\\Data\\data\\Portfolio\\Website Builder\\website-builder\\.idea\\website-builder.iml"
2025-05-17T15:43:36.328819Z  INFO tailwindcss_oxide::scanner: Reading "D:\\Data\\data\\Portfolio\\Website Builder\\website-builder\\prisma\\migrations\\migration_lock.toml"
2025-05-17T15:43:36.328823Z  INFO tailwindcss_oxide::scanner: Reading "D:\\Data\\data\\Portfolio\\Website Builder\\website-builder\\src\\app\\api\\uploadthing\\route.ts"
2025-05-17T15:43:36.328771Z  INFO tailwindcss_oxide::scanner: Reading "D:\\Data\\data\\Portfolio\\Website Builder\\website-builder\\src\\components\\site\\Navigation\\index.tsx"
2025-05-17T15:43:36.328883Z  INFO tailwindcss_oxide::scanner: Reading "D:\\Data\\data\\Portfolio\\Website Builder\\website-builder\\next.config.ts"
2025-05-17T15:43:36.328920Z  INFO tailwindcss_oxide::scanner: Reading "D:\\Data\\data\\Portfolio\\Website Builder\\website-builder\\.vscode\\settings.json"
2025-05-17T15:43:36.328956Z  INFO tailwindcss_oxide::scanner: Reading "D:\\Data\\data\\Portfolio\\Website Builder\\website-builder\\prisma\\schema.prisma"
2025-05-17T15:43:36.328983Z  INFO tailwindcss_oxide::scanner: Reading "D:\\Data\\data\\Portfolio\\Website Builder\\website-builder\\package.json"
2025-05-17T15:43:36.328992Z  INFO tailwindcss_oxide::scanner: Reading "D:\\Data\\data\\Portfolio\\Website Builder\\website-builder\\components.json"
2025-05-17T15:43:36.329013Z  INFO tailwindcss_oxide::scanner: Reading "D:\\Data\\data\\Portfolio\\Website Builder\\website-builder\\src\\app\\generated\\prisma\\client.d.ts"
2025-05-17T15:43:36.329049Z  INFO tailwindcss_oxide::scanner: Reading "D:\\Data\\data\\Portfolio\\Website Builder\\website-builder\\postcss.config.mjs"
2025-05-17T15:43:36.329066Z  INFO tailwindcss_oxide::scanner: Reading "D:\\Data\\data\\Portfolio\\Website Builder\\website-builder\\public\\file.svg"
2025-05-17T15:43:36.329075Z  INFO tailwindcss_oxide::scanner: Reading "D:\\Data\\data\\Portfolio\\Website Builder\\website-builder\\README.md"
2025-05-17T15:43:36.329115Z  INFO tailwindcss_oxide::scanner: Reading "D:\\Data\\data\\Portfolio\\Website Builder\\website-builder\\src\\components\\ui\\accordion.tsx"
2025-05-17T15:43:36.329128Z  INFO tailwindcss_oxide::scanner: Reading "D:\\Data\\data\\Portfolio\\Website Builder\\website-builder\\prisma\\migrations\\20250514191859_init\\migration.sql"
2025-05-17T15:43:36.329173Z  INFO tailwindcss_oxide::scanner: Reading "D:\\Data\\data\\Portfolio\\Website Builder\\website-builder\\eslint.config.mjs"
2025-05-17T15:43:36.329150Z  INFO tailwindcss_oxide::scanner: Reading "D:\\Data\\data\\Portfolio\\Website Builder\\website-builder\\src\\components\\ui\\pagination.tsx"
2025-05-17T15:43:36.329197Z  INFO tailwindcss_oxide::scanner: Reading "D:\\Data\\data\\Portfolio\\Website Builder\\website-builder\\public\\globe.svg"
2025-05-17T15:43:36.329188Z  INFO tailwindcss_oxide::scanner: Reading "D:\\Data\\data\\Portfolio\\Website Builder\\website-builder\\src\\app\\generated\\prisma\\client.js"
2025-05-17T15:43:36.329240Z  INFO tailwindcss_oxide::scanner: Reading "D:\\Data\\data\\Portfolio\\Website Builder\\website-builder\\src\\components\\ui\\tabs.tsx"
2025-05-17T15:43:36.329255Z  INFO tailwindcss_oxide::scanner: Reading "D:\\Data\\data\\Portfolio\\Website Builder\\website-builder\\prisma\\migrations\\20250516110039_removed_cust_id_from_agency_just_for_now\\migration.sql"
2025-05-17T15:43:36.329263Z  INFO tailwindcss_oxide::scanner: Reading "D:\\Data\\data\\Portfolio\\Website Builder\\website-builder\\prisma\\migrations\\20250514192452_fixed_some_spelling_issues\\migration.sql"
2025-05-17T15:43:36.329278Z  INFO tailwindcss_oxide::scanner: Reading "D:\\Data\\data\\Portfolio\\Website Builder\\website-builder\\src\\components\\ui\\alert-dialog.tsx"
2025-05-17T15:43:36.329288Z  INFO tailwindcss_oxide::scanner: Reading "D:\\Data\\data\\Portfolio\\Website Builder\\website-builder\\public\\next.svg"
2025-05-17T15:43:36.329312Z  INFO tailwindcss_oxide::scanner: Reading "D:\\Data\\data\\Portfolio\\Website Builder\\website-builder\\src\\app\\(main)\\agency\\(auth)\\layout.tsx"
2025-05-17T15:43:36.329377Z  INFO tailwindcss_oxide::scanner: Reading "D:\\Data\\data\\Portfolio\\Website Builder\\website-builder\\prisma\\migrations\\20250517121620_fixed_city_captilization\\migration.sql"
2025-05-17T15:43:36.329379Z  INFO tailwindcss_oxide::scanner: Reading "D:\\Data\\data\\Portfolio\\Website Builder\\website-builder\\public\\vercel.svg"
2025-05-17T15:43:36.329370Z  INFO tailwindcss_oxide::scanner: Reading "D:\\Data\\data\\Portfolio\\Website Builder\\website-builder\\src\\components\\ui\\chart.tsx"
2025-05-17T15:43:36.329404Z  INFO tailwindcss_oxide::scanner: Reading "D:\\Data\\data\\Portfolio\\Website Builder\\website-builder\\src\\app\\generated\\prisma\\default.d.ts"
2025-05-17T15:43:36.329453Z  INFO tailwindcss_oxide::scanner: Reading "D:\\Data\\data\\Portfolio\\Website Builder\\website-builder\\src\\app\\(main)\\agency\\(auth)\\sign-up\\[[...sign-up]]\\page.tsx"
2025-05-17T15:43:36.329464Z  INFO tailwindcss_oxide::scanner: Reading "D:\\Data\\data\\Portfolio\\Website Builder\\website-builder\\public\\window.svg"
2025-05-17T15:43:36.329461Z  INFO tailwindcss_oxide::scanner: Reading "D:\\Data\\data\\Portfolio\\Website Builder\\website-builder\\src\\app\\(main)\\agency\\page.tsx"
2025-05-17T15:43:36.329511Z  INFO tailwindcss_oxide::scanner: Reading "D:\\Data\\data\\Portfolio\\Website Builder\\website-builder\\src\\app\\(main)\\agency\\(auth)\\sign-in\\page.tsx"
2025-05-17T15:43:36.329550Z  INFO tailwindcss_oxide::scanner: Reading "D:\\Data\\data\\Portfolio\\Website Builder\\website-builder\\src\\components\\ui\\popover.tsx"
2025-05-17T15:43:36.329563Z  INFO tailwindcss_oxide::scanner: Reading "D:\\Data\\data\\Portfolio\\Website Builder\\website-builder\\src\\app\\generated\\prisma\\default.js"
2025-05-17T15:43:36.329604Z  INFO tailwindcss_oxide::scanner: Reading "D:\\Data\\data\\Portfolio\\Website Builder\\website-builder\\src\\app\\(main)\\agency\\[agencyId]\\page.tsx"
2025-05-17T15:43:36.329633Z  INFO tailwindcss_oxide::scanner: Reading "D:\\Data\\data\\Portfolio\\Website Builder\\website-builder\\src\\components\\ui\\avatar.tsx"
2025-05-17T15:43:36.329692Z  INFO tailwindcss_oxide::scanner: Reading "D:\\Data\\data\\Portfolio\\Website Builder\\website-builder\\src\\app\\(main)\\layout.tsx"
2025-05-17T15:43:36.329739Z  INFO tailwindcss_oxide::scanner: Reading "D:\\Data\\data\\Portfolio\\Website Builder\\website-builder\\src\\app\\generated\\prisma\\edge.d.ts"
2025-05-17T15:43:36.329764Z  INFO tailwindcss_oxide::scanner: Reading "D:\\Data\\data\\Portfolio\\Website Builder\\website-builder\\src\\app\\(main)\\subaccount\\layout.tsx"
2025-05-17T15:43:36.329861Z  INFO tailwindcss_oxide::scanner: Reading "D:\\Data\\data\\Portfolio\\Website Builder\\website-builder\\src\\app\\generated\\prisma\\runtime\\index-browser.js"
2025-05-17T15:43:36.329929Z  INFO tailwindcss_oxide::scanner: Reading "D:\\Data\\data\\Portfolio\\Website Builder\\website-builder\\src\\app\\generated\\prisma\\edge.js"
2025-05-17T15:43:36.329940Z  INFO tailwindcss_oxide::scanner: Reading "D:\\Data\\data\\Portfolio\\Website Builder\\website-builder\\src\\components\\ui\\button.tsx"
2025-05-17T15:43:36.329972Z  INFO tailwindcss_oxide::scanner: Reading "D:\\Data\\data\\Portfolio\\Website Builder\\website-builder\\src\\components\\ui\\textarea.tsx"
2025-05-17T15:43:36.329992Z  INFO tailwindcss_oxide::scanner: Reading "D:\\Data\\data\\Portfolio\\Website Builder\\website-builder\\src\\app\\generated\\prisma\\runtime\\library.d.ts"
2025-05-17T15:43:36.330105Z  INFO tailwindcss_oxide::scanner: Reading "D:\\Data\\data\\Portfolio\\Website Builder\\website-builder\\src\\app\\generated\\prisma\\index-browser.js"
2025-05-17T15:43:36.330134Z  INFO tailwindcss_oxide::scanner: Reading "D:\\Data\\data\\Portfolio\\Website Builder\\website-builder\\src\\app\\generated\\prisma\\runtime\\library.js"
2025-05-17T15:43:36.330235Z  INFO tailwindcss_oxide::scanner: Reading "D:\\Data\\data\\Portfolio\\Website Builder\\website-builder\\src\\components\\ui\\alert.tsx"
2025-05-17T15:43:36.330270Z  INFO tailwindcss_oxide::scanner: Reading "D:\\Data\\data\\Portfolio\\Website Builder\\website-builder\\src\\app\\generated\\prisma\\runtime\\react-native.js"
2025-05-17T15:43:36.330426Z  INFO tailwindcss_oxide::scanner: Reading "D:\\Data\\data\\Portfolio\\Website Builder\\website-builder\\src\\app\\generated\\prisma\\runtime\\wasm.js"
2025-05-17T15:43:36.330435Z  INFO tailwindcss_oxide::scanner: Reading "D:\\Data\\data\\Portfolio\\Website Builder\\website-builder\\src\\app\\generated\\prisma\\wasm.js"
2025-05-17T15:43:36.330525Z  INFO tailwindcss_oxide::scanner: Reading "D:\\Data\\data\\Portfolio\\Website Builder\\website-builder\\src\\app\\generated\\prisma\\schema.prisma"
2025-05-17T15:43:36.330585Z  INFO tailwindcss_oxide::scanner: Reading "D:\\Data\\data\\Portfolio\\Website Builder\\website-builder\\src\\app\\layout.tsx"
2025-05-17T15:43:36.330605Z  INFO tailwindcss_oxide::scanner: Reading "D:\\Data\\data\\Portfolio\\Website Builder\\website-builder\\src\\app\\generated\\prisma\\wasm.d.ts"
2025-05-17T15:43:36.330712Z  INFO tailwindcss_oxide::scanner: Reading "D:\\Data\\data\\Portfolio\\Website Builder\\website-builder\\src\\app\\site\\layout.tsx"
2025-05-17T15:43:36.330783Z  INFO tailwindcss_oxide::scanner: Reading "D:\\Data\\data\\Portfolio\\Website Builder\\website-builder\\src\\components\\ui\\dropdown-menu.tsx"
2025-05-17T15:43:36.330815Z  INFO tailwindcss_oxide::scanner: Reading "D:\\Data\\data\\Portfolio\\Website Builder\\website-builder\\src\\app\\generated\\prisma\\index.d.ts"
2025-05-17T15:43:36.330826Z  INFO tailwindcss_oxide::scanner: Reading "D:\\Data\\data\\Portfolio\\Website Builder\\website-builder\\src\\components\\ui\\checkbox.tsx"
2025-05-17T15:43:36.330845Z  INFO tailwindcss_oxide::scanner: Reading "D:\\Data\\data\\Portfolio\\Website Builder\\website-builder\\src\\app\\site\\page.tsx"
2025-05-17T15:43:36.330970Z  INFO tailwindcss_oxide::scanner: Reading "D:\\Data\\data\\Portfolio\\Website Builder\\website-builder\\src\\app\\[domain]\\page.tsx"
2025-05-17T15:43:36.330974Z  INFO tailwindcss_oxide::scanner: Reading "D:\\Data\\data\\Portfolio\\Website Builder\\website-builder\\src\\components\\ui\\card.tsx"
2025-05-17T15:43:36.331096Z  INFO tailwindcss_oxide::scanner: Reading "D:\\Data\\data\\Portfolio\\Website Builder\\website-builder\\src\\app\\[domain]\\[path]\\page.tsx"
2025-05-17T15:43:36.331082Z  INFO tailwindcss_oxide::scanner: Reading "D:\\Data\\data\\Portfolio\\Website Builder\\website-builder\\src\\components\\ui\\input.tsx"
2025-05-17T15:43:36.331124Z  INFO tailwindcss_oxide::scanner: Reading "D:\\Data\\data\\Portfolio\\Website Builder\\website-builder\\src\\components\\ui\\aspect-ratio.tsx"
2025-05-17T15:43:36.331159Z  INFO tailwindcss_oxide::scanner: Reading "D:\\Data\\data\\Portfolio\\Website Builder\\website-builder\\src\\components\\ui\\navigation-menu.tsx"
2025-05-17T15:43:36.331167Z  INFO tailwindcss_oxide::scanner: Reading "D:\\Data\\data\\Portfolio\\Website Builder\\website-builder\\src\\components\\ui\\progress.tsx"
2025-05-17T15:43:36.331175Z  INFO tailwindcss_oxide::scanner: Reading "D:\\Data\\data\\Portfolio\\Website Builder\\website-builder\\src\\components\\ui\\badge.tsx"
2025-05-17T15:43:36.331200Z  INFO tailwindcss_oxide::scanner: Reading "D:\\Data\\data\\Portfolio\\Website Builder\\website-builder\\src\\components\\ui\\menubar.tsx"
2025-05-17T15:43:36.331251Z  INFO tailwindcss_oxide::scanner: Reading "D:\\Data\\data\\Portfolio\\Website Builder\\website-builder\\src\\components\\forms\\AgencyDetails.tsx"
2025-05-17T15:43:36.331256Z  INFO tailwindcss_oxide::scanner: Reading "D:\\Data\\data\\Portfolio\\Website Builder\\website-builder\\src\\components\\ui\\calendar.tsx"
2025-05-17T15:43:36.331270Z  INFO tailwindcss_oxide::scanner: Reading "D:\\Data\\data\\Portfolio\\Website Builder\\website-builder\\src\\components\\ui\\carousel.tsx"
2025-05-17T15:43:36.331331Z  INFO tailwindcss_oxide::scanner: Reading "D:\\Data\\data\\Portfolio\\Website Builder\\website-builder\\src\\lib\\constants.ts"
2025-05-17T15:43:36.331338Z  INFO tailwindcss_oxide::scanner: Reading "D:\\Data\\data\\Portfolio\\Website Builder\\website-builder\\src\\components\\ui\\breadcrumb.tsx"
2025-05-17T15:43:36.331366Z  INFO tailwindcss_oxide::scanner: Reading "D:\\Data\\data\\Portfolio\\Website Builder\\website-builder\\src\\app\\generated\\prisma\\package.json"
2025-05-17T15:43:36.331401Z  INFO tailwindcss_oxide::scanner: Reading "D:\\Data\\data\\Portfolio\\Website Builder\\website-builder\\src\\components\\global\\file-upload.tsx"
2025-05-17T15:43:36.331432Z  INFO tailwindcss_oxide::scanner: Reading "D:\\Data\\data\\Portfolio\\Website Builder\\website-builder\\src\\components\\ui\\toggle-group.tsx"
2025-05-17T15:43:36.331458Z  INFO tailwindcss_oxide::scanner: Reading "D:\\Data\\data\\Portfolio\\Website Builder\\website-builder\\src\\app\\generated\\prisma\\runtime\\edge.js"
2025-05-17T15:43:36.331493Z  INFO tailwindcss_oxide::scanner: Reading "D:\\Data\\data\\Portfolio\\Website Builder\\website-builder\\src\\lib\\prisma.ts"
2025-05-17T15:43:36.331495Z  INFO tailwindcss_oxide::scanner: Reading "D:\\Data\\data\\Portfolio\\Website Builder\\website-builder\\src\\app\\generated\\prisma\\index.js"
2025-05-17T15:43:36.331533Z  INFO tailwindcss_oxide::scanner: Reading "D:\\Data\\data\\Portfolio\\Website Builder\\website-builder\\src\\app\\generated\\prisma\\runtime\\edge-esm.js"
2025-05-17T15:43:36.331595Z  INFO tailwindcss_oxide::scanner: Reading "D:\\Data\\data\\Portfolio\\Website Builder\\website-builder\\src\\components\\ui\\separator.tsx"
2025-05-17T15:43:36.331631Z  INFO tailwindcss_oxide::scanner: Reading "D:\\Data\\data\\Portfolio\\Website Builder\\website-builder\\src\\app\\generated\\prisma\\runtime\\index-browser.d.ts"
2025-05-17T15:43:36.331669Z  INFO tailwindcss_oxide::scanner: Reading "D:\\Data\\data\\Portfolio\\Website Builder\\website-builder\\src\\lib\\queries.ts"
2025-05-17T15:43:36.331683Z  INFO tailwindcss_oxide::scanner: Reading "D:\\Data\\data\\Portfolio\\Website Builder\\website-builder\\src\\config.ts"
2025-05-17T15:43:36.331722Z  INFO tailwindcss_oxide::scanner: Reading "D:\\Data\\data\\Portfolio\\Website Builder\\website-builder\\src\\hooks\\use-mobile.ts"
2025-05-17T15:43:36.331733Z  INFO tailwindcss_oxide::scanner: Reading "D:\\Data\\data\\Portfolio\\Website Builder\\website-builder\\src\\components\\ui\\form.tsx"
2025-05-17T15:43:36.331797Z  INFO tailwindcss_oxide::scanner: Reading "D:\\Data\\data\\Portfolio\\Website Builder\\website-builder\\src\\components\\ui\\collapsible.tsx"
2025-05-17T15:43:36.331810Z  INFO tailwindcss_oxide::scanner: Reading "D:\\Data\\data\\Portfolio\\Website Builder\\website-builder\\src\\lib\\uploadthing.ts"
2025-05-17T15:43:36.331936Z  INFO tailwindcss_oxide::scanner: Reading "D:\\Data\\data\\Portfolio\\Website Builder\\website-builder\\src\\lib\\utils.ts"
2025-05-17T15:43:36.332061Z  INFO tailwindcss_oxide::scanner: Reading "D:\\Data\\data\\Portfolio\\Website Builder\\website-builder\\src\\middleware.ts"
2025-05-17T15:43:36.332061Z  INFO tailwindcss_oxide::scanner: Reading "D:\\Data\\data\\Portfolio\\Website Builder\\website-builder\\src\\components\\ui\\label.tsx"
2025-05-17T15:43:36.332198Z  INFO tailwindcss_oxide::scanner: Reading "D:\\Data\\data\\Portfolio\\Website Builder\\website-builder\\src\\providers\\theme-provider.tsx"
2025-05-17T15:43:36.332277Z  INFO tailwindcss_oxide::scanner: Reading "D:\\Data\\data\\Portfolio\\Website Builder\\website-builder\\src\\components\\ui\\slider.tsx"
2025-05-17T15:43:36.332335Z  INFO tailwindcss_oxide::scanner: Reading "D:\\Data\\data\\Portfolio\\Website Builder\\website-builder\\tsconfig.json"
2025-05-17T15:43:36.332375Z  INFO tailwindcss_oxide::scanner: Reading "D:\\Data\\data\\Portfolio\\Website Builder\\website-builder\\src\\components\\ui\\radio-group.tsx"
2025-05-17T15:43:36.332400Z  INFO tailwindcss_oxide::scanner: Reading "D:\\Data\\data\\Portfolio\\Website Builder\\website-builder\\src\\components\\ui\\sidebar.tsx"
2025-05-17T15:43:36.332413Z  INFO tailwindcss_oxide::scanner: Reading "D:\\Data\\data\\Portfolio\\Website Builder\\website-builder\\src\\components\\ui\\command.tsx"
2025-05-17T15:43:36.332517Z  INFO tailwindcss_oxide::scanner: Reading "D:\\Data\\data\\Portfolio\\Website Builder\\website-builder\\src\\components\\ui\\toggle.tsx"
2025-05-17T15:43:36.332592Z  INFO tailwindcss_oxide::scanner: Reading "D:\\Data\\data\\Portfolio\\Website Builder\\website-builder\\src\\components\\ui\\hover-card.tsx"
2025-05-17T15:43:36.332679Z  INFO tailwindcss_oxide::scanner: Reading "D:\\Data\\data\\Portfolio\\Website Builder\\website-builder\\src\\components\\ui\\scroll-area.tsx"
2025-05-17T15:43:36.332707Z  INFO tailwindcss_oxide::scanner: Reading "D:\\Data\\data\\Portfolio\\Website Builder\\website-builder\\src\\components\\ui\\select.tsx"
2025-05-17T15:43:36.332918Z  INFO tailwindcss_oxide::scanner: Reading "D:\\Data\\data\\Portfolio\\Website Builder\\website-builder\\src\\components\\ui\\sheet.tsx"
2025-05-17T15:43:36.332940Z  INFO tailwindcss_oxide::scanner: Reading "D:\\Data\\data\\Portfolio\\Website Builder\\website-builder\\src\\components\\ui\\tooltip.tsx"
2025-05-17T15:43:36.333000Z  INFO tailwindcss_oxide::scanner: Reading "D:\\Data\\data\\Portfolio\\Website Builder\\website-builder\\src\\components\\ui\\switch.tsx"
2025-05-17T15:43:36.333104Z  INFO tailwindcss_oxide::scanner: Reading "D:\\Data\\data\\Portfolio\\Website Builder\\website-builder\\src\\components\\ui\\resizable.tsx"
2025-05-17T15:43:36.333104Z  INFO tailwindcss_oxide::scanner: Reading "D:\\Data\\data\\Portfolio\\Website Builder\\website-builder\\src\\components\\ui\\table.tsx"
2025-05-17T15:43:36.333135Z  INFO tailwindcss_oxide::scanner: Reading "D:\\Data\\data\\Portfolio\\Website Builder\\website-builder\\src\\components\\ui\\input-otp.tsx"
2025-05-17T15:43:36.333141Z  INFO tailwindcss_oxide::scanner: Reading "D:\\Data\\data\\Portfolio\\Website Builder\\website-builder\\src\\components\\ui\\skeleton.tsx"
2025-05-17T15:43:36.333256Z  INFO tailwindcss_oxide::scanner: Reading "D:\\Data\\data\\Portfolio\\Website Builder\\website-builder\\src\\components\\ui\\sonner.tsx"
2025-05-17T15:43:36.333263Z  INFO tailwindcss_oxide::scanner: Reading "D:\\Data\\data\\Portfolio\\Website Builder\\website-builder\\src\\components\\ui\\drawer.tsx"
2025-05-17T15:43:36.333266Z  INFO tailwindcss_oxide::scanner: Reading "D:\\Data\\data\\Portfolio\\Website Builder\\website-builder\\src\\components\\ui\\context-menu.tsx"
2025-05-17T15:43:36.333288Z  INFO tailwindcss_oxide::scanner: Reading "D:\\Data\\data\\Portfolio\\Website Builder\\website-builder\\src\\components\\ui\\dialog.tsx"
2025-05-17T15:43:36.333398Z  INFO extract_candidates:read_all_files: tailwindcss_oxide::scanner: exit
2025-05-17T15:43:36.333414Z  INFO extract_candidates:parse_all_blobs: tailwindcss_oxide::scanner: enter
2025-05-17T15:43:36.333418Z  INFO extract_candidates:parse_all_blobs:extract: tailwindcss_oxide::scanner: enter
2025-05-17T15:43:36.355270Z  INFO extract_candidates:parse_all_blobs:extract: tailwindcss_oxide::scanner: exit
2025-05-17T15:43:36.355434Z  INFO extract_candidates:parse_all_blobs: tailwindcss_oxide::scanner: exit
2025-05-17T15:43:36.355453Z  INFO extract_candidates:read_all_files: tailwindcss_oxide::scanner: enter
2025-05-17T15:43:36.355458Z  INFO extract_candidates:read_all_files: tailwindcss_oxide::scanner: Reading 1 file(s)
2025-05-17T15:43:36.355708Z  INFO extract_candidates:read_all_files: tailwindcss_oxide::scanner: Reading "D:\\Data\\data\\Portfolio\\Website Builder\\website-builder\\src\\app\\globals.css"
2025-05-17T15:43:36.355724Z  INFO extract_candidates:read_all_files: tailwindcss_oxide::scanner: exit
2025-05-17T15:43:36.355732Z  INFO extract_candidates:extract_css_variables: tailwindcss_oxide::scanner: enter
2025-05-17T15:43:36.355737Z  INFO extract_candidates:extract_css_variables:extract: tailwindcss_oxide::scanner: enter
2025-05-17T15:43:36.356260Z  INFO extract_candidates:extract_css_variables:extract: tailwindcss_oxide::scanner: exit
2025-05-17T15:43:36.356298Z  INFO extract_candidates:extract_css_variables: tailwindcss_oxide::scanner: exit
2025-05-17T15:43:36.357165Z  INFO extract_candidates: tailwindcss_oxide::scanner: exit
2025-05-17T15:43:36.359094Z  INFO get_files: tailwindcss_oxide::scanner: enter
2025-05-17T15:43:36.359107Z  INFO get_files:scan_sources: tailwindcss_oxide::scanner: enter
2025-05-17T15:43:36.360851Z  INFO get_files:scan_sources: tailwindcss_oxide::scanner: Discovering "D:\\Data\\data\\Portfolio\\Website Builder\\website-builder\\.idea"
2025-05-17T15:43:36.361275Z  INFO get_files:scan_sources: tailwindcss_oxide::scanner: Discovering "D:\\Data\\data\\Portfolio\\Website Builder\\website-builder\\.idea\\inspectionProfiles"
2025-05-17T15:43:36.361975Z  INFO get_files:scan_sources: tailwindcss_oxide::scanner: Discovering "D:\\Data\\data\\Portfolio\\Website Builder\\website-builder\\.vscode"
2025-05-17T15:43:36.362548Z  INFO get_files:scan_sources: tailwindcss_oxide::scanner: Discovering "D:\\Data\\data\\Portfolio\\Website Builder\\website-builder\\prisma"
2025-05-17T15:43:36.362719Z  INFO get_files:scan_sources: tailwindcss_oxide::scanner: Discovering "D:\\Data\\data\\Portfolio\\Website Builder\\website-builder\\prisma\\migrations"
2025-05-17T15:43:36.362889Z  INFO get_files:scan_sources: tailwindcss_oxide::scanner: Discovering "D:\\Data\\data\\Portfolio\\Website Builder\\website-builder\\prisma\\migrations\\20250514191859_init"
2025-05-17T15:43:36.363107Z  INFO get_files:scan_sources: tailwindcss_oxide::scanner: Discovering "D:\\Data\\data\\Portfolio\\Website Builder\\website-builder\\prisma\\migrations\\20250514192452_fixed_some_spelling_issues"
2025-05-17T15:43:36.363329Z  INFO get_files:scan_sources: tailwindcss_oxide::scanner: Discovering "D:\\Data\\data\\Portfolio\\Website Builder\\website-builder\\prisma\\migrations\\20250516110039_removed_cust_id_from_agency_just_for_now"
2025-05-17T15:43:36.363556Z  INFO get_files:scan_sources: tailwindcss_oxide::scanner: Discovering "D:\\Data\\data\\Portfolio\\Website Builder\\website-builder\\prisma\\migrations\\20250517121620_fixed_city_captilization"
2025-05-17T15:43:36.363869Z  INFO get_files:scan_sources: tailwindcss_oxide::scanner: Discovering "D:\\Data\\data\\Portfolio\\Website Builder\\website-builder\\public"
2025-05-17T15:43:36.364047Z  INFO get_files:scan_sources: tailwindcss_oxide::scanner: Discovering "D:\\Data\\data\\Portfolio\\Website Builder\\website-builder\\public\\assets"
2025-05-17T15:43:36.364427Z  INFO get_files:scan_sources: tailwindcss_oxide::scanner: Discovering "D:\\Data\\data\\Portfolio\\Website Builder\\website-builder\\src"
2025-05-17T15:43:36.364611Z  INFO get_files:scan_sources: tailwindcss_oxide::scanner: Discovering "D:\\Data\\data\\Portfolio\\Website Builder\\website-builder\\src\\app"
2025-05-17T15:43:36.364785Z  INFO get_files:scan_sources: tailwindcss_oxide::scanner: Discovering "D:\\Data\\data\\Portfolio\\Website Builder\\website-builder\\src\\app\\(main)"
2025-05-17T15:43:36.364952Z  INFO get_files:scan_sources: tailwindcss_oxide::scanner: Discovering "D:\\Data\\data\\Portfolio\\Website Builder\\website-builder\\src\\app\\(main)\\agency"
2025-05-17T15:43:36.365123Z  INFO get_files:scan_sources: tailwindcss_oxide::scanner: Discovering "D:\\Data\\data\\Portfolio\\Website Builder\\website-builder\\src\\app\\(main)\\agency\\(auth)"
2025-05-17T15:43:36.365328Z  INFO get_files:scan_sources: tailwindcss_oxide::scanner: Discovering "D:\\Data\\data\\Portfolio\\Website Builder\\website-builder\\src\\app\\(main)\\agency\\(auth)\\sign-in"
2025-05-17T15:43:36.365537Z  INFO get_files:scan_sources: tailwindcss_oxide::scanner: Discovering "D:\\Data\\data\\Portfolio\\Website Builder\\website-builder\\src\\app\\(main)\\agency\\(auth)\\sign-in\\[[...sign-in]]"
2025-05-17T15:43:36.365734Z  INFO get_files:scan_sources: tailwindcss_oxide::scanner: Discovering "D:\\Data\\data\\Portfolio\\Website Builder\\website-builder\\src\\app\\(main)\\agency\\(auth)\\sign-up"
2025-05-17T15:43:36.365905Z  INFO get_files:scan_sources: tailwindcss_oxide::scanner: Discovering "D:\\Data\\data\\Portfolio\\Website Builder\\website-builder\\src\\app\\(main)\\agency\\(auth)\\sign-up\\[[...sign-up]]"
2025-05-17T15:43:36.366166Z  INFO get_files:scan_sources: tailwindcss_oxide::scanner: Discovering "D:\\Data\\data\\Portfolio\\Website Builder\\website-builder\\src\\app\\(main)\\agency\\[agencyId]"
2025-05-17T15:43:36.366411Z  INFO get_files:scan_sources: tailwindcss_oxide::scanner: Discovering "D:\\Data\\data\\Portfolio\\Website Builder\\website-builder\\src\\app\\(main)\\subaccount"
2025-05-17T15:43:36.366631Z  INFO get_files:scan_sources: tailwindcss_oxide::scanner: Discovering "D:\\Data\\data\\Portfolio\\Website Builder\\website-builder\\src\\app\\api"
2025-05-17T15:43:36.366799Z  INFO get_files:scan_sources: tailwindcss_oxide::scanner: Discovering "D:\\Data\\data\\Portfolio\\Website Builder\\website-builder\\src\\app\\api\\uploadthing"
2025-05-17T15:43:36.367286Z  INFO get_files:scan_sources: tailwindcss_oxide::scanner: Discovering "D:\\Data\\data\\Portfolio\\Website Builder\\website-builder\\src\\app\\generated"
2025-05-17T15:43:36.367476Z  INFO get_files:scan_sources: tailwindcss_oxide::scanner: Discovering "D:\\Data\\data\\Portfolio\\Website Builder\\website-builder\\src\\app\\generated\\prisma"
2025-05-17T15:43:36.368056Z  INFO get_files:scan_sources: tailwindcss_oxide::scanner: Discovering "D:\\Data\\data\\Portfolio\\Website Builder\\website-builder\\src\\app\\generated\\prisma\\runtime"
2025-05-17T15:43:36.368734Z  INFO get_files:scan_sources: tailwindcss_oxide::scanner: Discovering "D:\\Data\\data\\Portfolio\\Website Builder\\website-builder\\src\\app\\site"
2025-05-17T15:43:36.369002Z  INFO get_files:scan_sources: tailwindcss_oxide::scanner: Discovering "D:\\Data\\data\\Portfolio\\Website Builder\\website-builder\\src\\app\\[domain]"
2025-05-17T15:43:36.369202Z  INFO get_files:scan_sources: tailwindcss_oxide::scanner: Discovering "D:\\Data\\data\\Portfolio\\Website Builder\\website-builder\\src\\app\\[domain]\\[path]"
2025-05-17T15:43:36.369433Z  INFO get_files:scan_sources: tailwindcss_oxide::scanner: Discovering "D:\\Data\\data\\Portfolio\\Website Builder\\website-builder\\src\\components"
2025-05-17T15:43:36.369596Z  INFO get_files:scan_sources: tailwindcss_oxide::scanner: Discovering "D:\\Data\\data\\Portfolio\\Website Builder\\website-builder\\src\\components\\forms"
2025-05-17T15:43:36.369810Z  INFO get_files:scan_sources: tailwindcss_oxide::scanner: Discovering "D:\\Data\\data\\Portfolio\\Website Builder\\website-builder\\src\\components\\global"
2025-05-17T15:43:36.370082Z  INFO get_files:scan_sources: tailwindcss_oxide::scanner: Discovering "D:\\Data\\data\\Portfolio\\Website Builder\\website-builder\\src\\components\\site"
2025-05-17T15:43:36.370248Z  INFO get_files:scan_sources: tailwindcss_oxide::scanner: Discovering "D:\\Data\\data\\Portfolio\\Website Builder\\website-builder\\src\\components\\site\\Navigation"
2025-05-17T15:43:36.370459Z  INFO get_files:scan_sources: tailwindcss_oxide::scanner: Discovering "D:\\Data\\data\\Portfolio\\Website Builder\\website-builder\\src\\components\\ui"
2025-05-17T15:43:36.372042Z  INFO get_files:scan_sources: tailwindcss_oxide::scanner: Discovering "D:\\Data\\data\\Portfolio\\Website Builder\\website-builder\\src\\hooks"
2025-05-17T15:43:36.372246Z  INFO get_files:scan_sources: tailwindcss_oxide::scanner: Discovering "D:\\Data\\data\\Portfolio\\Website Builder\\website-builder\\src\\lib"
2025-05-17T15:43:36.372618Z  INFO get_files:scan_sources: tailwindcss_oxide::scanner: Discovering "D:\\Data\\data\\Portfolio\\Website Builder\\website-builder\\src\\providers"
2025-05-17T15:43:36.373729Z  INFO get_files:scan_sources: tailwindcss_oxide::scanner: Discovering "D:\\Data\\data\\Portfolio\\Website Builder\\website-builder\\src\\app\\(main)"
2025-05-17T15:43:36.374135Z  INFO get_files:scan_sources: tailwindcss_oxide::scanner: Discovering "D:\\Data\\data\\Portfolio\\Website Builder\\website-builder\\src\\app\\(main)\\agency"
2025-05-17T15:43:36.374320Z  INFO get_files:scan_sources: tailwindcss_oxide::scanner: Discovering "D:\\Data\\data\\Portfolio\\Website Builder\\website-builder\\src\\app\\(main)\\agency\\(auth)"
2025-05-17T15:43:36.374549Z  INFO get_files:scan_sources: tailwindcss_oxide::scanner: Discovering "D:\\Data\\data\\Portfolio\\Website Builder\\website-builder\\src\\app\\(main)\\agency\\(auth)\\sign-in"
2025-05-17T15:43:36.374804Z  INFO get_files:scan_sources: tailwindcss_oxide::scanner: Discovering "D:\\Data\\data\\Portfolio\\Website Builder\\website-builder\\src\\app\\(main)\\agency\\(auth)\\sign-in\\[[...sign-in]]"
2025-05-17T15:43:36.375015Z  INFO get_files:scan_sources: tailwindcss_oxide::scanner: Discovering "D:\\Data\\data\\Portfolio\\Website Builder\\website-builder\\src\\app\\(main)\\agency\\(auth)\\sign-up"
2025-05-17T15:43:36.375194Z  INFO get_files:scan_sources: tailwindcss_oxide::scanner: Discovering "D:\\Data\\data\\Portfolio\\Website Builder\\website-builder\\src\\app\\(main)\\agency\\(auth)\\sign-up\\[[...sign-up]]"
2025-05-17T15:43:36.375466Z  INFO get_files:scan_sources: tailwindcss_oxide::scanner: Discovering "D:\\Data\\data\\Portfolio\\Website Builder\\website-builder\\src\\app\\(main)\\agency\\[agencyId]"
2025-05-17T15:43:36.375752Z  INFO get_files:scan_sources: tailwindcss_oxide::scanner: Discovering "D:\\Data\\data\\Portfolio\\Website Builder\\website-builder\\src\\app\\(main)\\subaccount"
2025-05-17T15:43:36.375980Z  INFO get_files:scan_sources: tailwindcss_oxide::scanner: Discovering "D:\\Data\\data\\Portfolio\\Website Builder\\website-builder\\src\\app\\api"
2025-05-17T15:43:36.376143Z  INFO get_files:scan_sources: tailwindcss_oxide::scanner: Discovering "D:\\Data\\data\\Portfolio\\Website Builder\\website-builder\\src\\app\\api\\uploadthing"
2025-05-17T15:43:36.376388Z  INFO get_files:scan_sources: tailwindcss_oxide::scanner: Discovering "D:\\Data\\data\\Portfolio\\Website Builder\\website-builder\\src\\app\\generated"
2025-05-17T15:43:36.376554Z  INFO get_files:scan_sources: tailwindcss_oxide::scanner: Discovering "D:\\Data\\data\\Portfolio\\Website Builder\\website-builder\\src\\app\\generated\\prisma"
2025-05-17T15:43:36.377052Z  INFO get_files:scan_sources: tailwindcss_oxide::scanner: Discovering "D:\\Data\\data\\Portfolio\\Website Builder\\website-builder\\src\\app\\generated\\prisma\\runtime"
2025-05-17T15:43:36.377643Z  INFO get_files:scan_sources: tailwindcss_oxide::scanner: Discovering "D:\\Data\\data\\Portfolio\\Website Builder\\website-builder\\src\\app\\site"
2025-05-17T15:43:36.377885Z  INFO get_files:scan_sources: tailwindcss_oxide::scanner: Discovering "D:\\Data\\data\\Portfolio\\Website Builder\\website-builder\\src\\app\\[domain]"
2025-05-17T15:43:36.378098Z  INFO get_files:scan_sources: tailwindcss_oxide::scanner: Discovering "D:\\Data\\data\\Portfolio\\Website Builder\\website-builder\\src\\app\\[domain]\\[path]"
2025-05-17T15:43:36.378289Z  INFO get_files:scan_sources: tailwindcss_oxide::scanner: exit
2025-05-17T15:43:36.378399Z  INFO get_files: tailwindcss_oxide::scanner: exit
2025-05-17T15:43:36.387531Z  INFO get_globs: tailwindcss_oxide::scanner: enter
2025-05-17T15:43:36.387575Z  INFO get_globs:scan_sources: tailwindcss_oxide::scanner: enter
2025-05-17T15:43:36.390156Z  INFO get_globs:scan_sources: tailwindcss_oxide::scanner: Discovering "D:\\Data\\data\\Portfolio\\Website Builder\\website-builder\\.idea"
2025-05-17T15:43:36.390652Z  INFO get_globs:scan_sources: tailwindcss_oxide::scanner: Discovering "D:\\Data\\data\\Portfolio\\Website Builder\\website-builder\\.idea\\inspectionProfiles"
2025-05-17T15:43:36.391448Z  INFO get_globs:scan_sources: tailwindcss_oxide::scanner: Discovering "D:\\Data\\data\\Portfolio\\Website Builder\\website-builder\\.vscode"
2025-05-17T15:43:36.392345Z  INFO get_globs:scan_sources: tailwindcss_oxide::scanner: Discovering "D:\\Data\\data\\Portfolio\\Website Builder\\website-builder\\prisma"
2025-05-17T15:43:36.392640Z  INFO get_globs:scan_sources: tailwindcss_oxide::scanner: Discovering "D:\\Data\\data\\Portfolio\\Website Builder\\website-builder\\prisma\\migrations"
2025-05-17T15:43:36.392948Z  INFO get_globs:scan_sources: tailwindcss_oxide::scanner: Discovering "D:\\Data\\data\\Portfolio\\Website Builder\\website-builder\\prisma\\migrations\\20250514191859_init"
2025-05-17T15:43:36.393299Z  INFO get_globs:scan_sources: tailwindcss_oxide::scanner: Discovering "D:\\Data\\data\\Portfolio\\Website Builder\\website-builder\\prisma\\migrations\\20250514192452_fixed_some_spelling_issues"
2025-05-17T15:43:36.393678Z  INFO get_globs:scan_sources: tailwindcss_oxide::scanner: Discovering "D:\\Data\\data\\Portfolio\\Website Builder\\website-builder\\prisma\\migrations\\20250516110039_removed_cust_id_from_agency_just_for_now"
2025-05-17T15:43:36.394037Z  INFO get_globs:scan_sources: tailwindcss_oxide::scanner: Discovering "D:\\Data\\data\\Portfolio\\Website Builder\\website-builder\\prisma\\migrations\\20250517121620_fixed_city_captilization"
2025-05-17T15:43:36.394530Z  INFO get_globs:scan_sources: tailwindcss_oxide::scanner: Discovering "D:\\Data\\data\\Portfolio\\Website Builder\\website-builder\\public"
2025-05-17T15:43:36.394838Z  INFO get_globs:scan_sources: tailwindcss_oxide::scanner: Discovering "D:\\Data\\data\\Portfolio\\Website Builder\\website-builder\\public\\assets"
2025-05-17T15:43:36.395472Z  INFO get_globs:scan_sources: tailwindcss_oxide::scanner: Discovering "D:\\Data\\data\\Portfolio\\Website Builder\\website-builder\\src"
2025-05-17T15:43:36.395770Z  INFO get_globs:scan_sources: tailwindcss_oxide::scanner: Discovering "D:\\Data\\data\\Portfolio\\Website Builder\\website-builder\\src\\app"
2025-05-17T15:43:36.396066Z  INFO get_globs:scan_sources: tailwindcss_oxide::scanner: Discovering "D:\\Data\\data\\Portfolio\\Website Builder\\website-builder\\src\\app\\(main)"
2025-05-17T15:43:36.396368Z  INFO get_globs:scan_sources: tailwindcss_oxide::scanner: Discovering "D:\\Data\\data\\Portfolio\\Website Builder\\website-builder\\src\\app\\(main)\\agency"
2025-05-17T15:43:36.396656Z  INFO get_globs:scan_sources: tailwindcss_oxide::scanner: Discovering "D:\\Data\\data\\Portfolio\\Website Builder\\website-builder\\src\\app\\(main)\\agency\\(auth)"
2025-05-17T15:43:36.397001Z  INFO get_globs:scan_sources: tailwindcss_oxide::scanner: Discovering "D:\\Data\\data\\Portfolio\\Website Builder\\website-builder\\src\\app\\(main)\\agency\\(auth)\\sign-in"
2025-05-17T15:43:36.397381Z  INFO get_globs:scan_sources: tailwindcss_oxide::scanner: Discovering "D:\\Data\\data\\Portfolio\\Website Builder\\website-builder\\src\\app\\(main)\\agency\\(auth)\\sign-in\\[[...sign-in]]"
2025-05-17T15:43:36.397725Z  INFO get_globs:scan_sources: tailwindcss_oxide::scanner: Discovering "D:\\Data\\data\\Portfolio\\Website Builder\\website-builder\\src\\app\\(main)\\agency\\(auth)\\sign-up"
2025-05-17T15:43:36.398006Z  INFO get_globs:scan_sources: tailwindcss_oxide::scanner: Discovering "D:\\Data\\data\\Portfolio\\Website Builder\\website-builder\\src\\app\\(main)\\agency\\(auth)\\sign-up\\[[...sign-up]]"
2025-05-17T15:43:36.398461Z  INFO get_globs:scan_sources: tailwindcss_oxide::scanner: Discovering "D:\\Data\\data\\Portfolio\\Website Builder\\website-builder\\src\\app\\(main)\\agency\\[agencyId]"
2025-05-17T15:43:36.398867Z  INFO get_globs:scan_sources: tailwindcss_oxide::scanner: Discovering "D:\\Data\\data\\Portfolio\\Website Builder\\website-builder\\src\\app\\(main)\\subaccount"
2025-05-17T15:43:36.399232Z  INFO get_globs:scan_sources: tailwindcss_oxide::scanner: Discovering "D:\\Data\\data\\Portfolio\\Website Builder\\website-builder\\src\\app\\api"
2025-05-17T15:43:36.399524Z  INFO get_globs:scan_sources: tailwindcss_oxide::scanner: Discovering "D:\\Data\\data\\Portfolio\\Website Builder\\website-builder\\src\\app\\api\\uploadthing"
2025-05-17T15:43:36.399940Z  INFO get_globs:scan_sources: tailwindcss_oxide::scanner: Discovering "D:\\Data\\data\\Portfolio\\Website Builder\\website-builder\\src\\app\\generated"
2025-05-17T15:43:36.400229Z  INFO get_globs:scan_sources: tailwindcss_oxide::scanner: Discovering "D:\\Data\\data\\Portfolio\\Website Builder\\website-builder\\src\\app\\generated\\prisma"
2025-05-17T15:43:36.401094Z  INFO get_globs:scan_sources: tailwindcss_oxide::scanner: Discovering "D:\\Data\\data\\Portfolio\\Website Builder\\website-builder\\src\\app\\generated\\prisma\\runtime"
2025-05-17T15:43:36.402090Z  INFO get_globs:scan_sources: tailwindcss_oxide::scanner: Discovering "D:\\Data\\data\\Portfolio\\Website Builder\\website-builder\\src\\app\\site"
2025-05-17T15:43:36.402518Z  INFO get_globs:scan_sources: tailwindcss_oxide::scanner: Discovering "D:\\Data\\data\\Portfolio\\Website Builder\\website-builder\\src\\app\\[domain]"
2025-05-17T15:43:36.402858Z  INFO get_globs:scan_sources: tailwindcss_oxide::scanner: Discovering "D:\\Data\\data\\Portfolio\\Website Builder\\website-builder\\src\\app\\[domain]\\[path]"
2025-05-17T15:43:36.403321Z  INFO get_globs:scan_sources: tailwindcss_oxide::scanner: Discovering "D:\\Data\\data\\Portfolio\\Website Builder\\website-builder\\src\\components"
2025-05-17T15:43:36.403629Z  INFO get_globs:scan_sources: tailwindcss_oxide::scanner: Discovering "D:\\Data\\data\\Portfolio\\Website Builder\\website-builder\\src\\components\\forms"
2025-05-17T15:43:36.403958Z  INFO get_globs:scan_sources: tailwindcss_oxide::scanner: Discovering "D:\\Data\\data\\Portfolio\\Website Builder\\website-builder\\src\\components\\global"
2025-05-17T15:43:36.404240Z  INFO get_globs:scan_sources: tailwindcss_oxide::scanner: Discovering "D:\\Data\\data\\Portfolio\\Website Builder\\website-builder\\src\\components\\site"
2025-05-17T15:43:36.404411Z  INFO get_globs:scan_sources: tailwindcss_oxide::scanner: Discovering "D:\\Data\\data\\Portfolio\\Website Builder\\website-builder\\src\\components\\site\\Navigation"
2025-05-17T15:43:36.404629Z  INFO get_globs:scan_sources: tailwindcss_oxide::scanner: Discovering "D:\\Data\\data\\Portfolio\\Website Builder\\website-builder\\src\\components\\ui"
2025-05-17T15:43:36.406267Z  INFO get_globs:scan_sources: tailwindcss_oxide::scanner: Discovering "D:\\Data\\data\\Portfolio\\Website Builder\\website-builder\\src\\hooks"
2025-05-17T15:43:36.406499Z  INFO get_globs:scan_sources: tailwindcss_oxide::scanner: Discovering "D:\\Data\\data\\Portfolio\\Website Builder\\website-builder\\src\\lib"
2025-05-17T15:43:36.406847Z  INFO get_globs:scan_sources: tailwindcss_oxide::scanner: Discovering "D:\\Data\\data\\Portfolio\\Website Builder\\website-builder\\src\\providers"
2025-05-17T15:43:36.408010Z  INFO get_globs:scan_sources: tailwindcss_oxide::scanner: Discovering "D:\\Data\\data\\Portfolio\\Website Builder\\website-builder\\src\\app\\(main)"
2025-05-17T15:43:36.408188Z  INFO get_globs:scan_sources: tailwindcss_oxide::scanner: Discovering "D:\\Data\\data\\Portfolio\\Website Builder\\website-builder\\src\\app\\(main)\\agency"
2025-05-17T15:43:36.408363Z  INFO get_globs:scan_sources: tailwindcss_oxide::scanner: Discovering "D:\\Data\\data\\Portfolio\\Website Builder\\website-builder\\src\\app\\(main)\\agency\\(auth)"
2025-05-17T15:43:36.408575Z  INFO get_globs:scan_sources: tailwindcss_oxide::scanner: Discovering "D:\\Data\\data\\Portfolio\\Website Builder\\website-builder\\src\\app\\(main)\\agency\\(auth)\\sign-in"
2025-05-17T15:43:36.408981Z  INFO get_globs:scan_sources: tailwindcss_oxide::scanner: Discovering "D:\\Data\\data\\Portfolio\\Website Builder\\website-builder\\src\\app\\(main)\\agency\\(auth)\\sign-in\\[[...sign-in]]"
2025-05-17T15:43:36.409184Z  INFO get_globs:scan_sources: tailwindcss_oxide::scanner: Discovering "D:\\Data\\data\\Portfolio\\Website Builder\\website-builder\\src\\app\\(main)\\agency\\(auth)\\sign-up"
2025-05-17T15:43:36.410025Z  INFO get_globs:scan_sources: tailwindcss_oxide::scanner: Discovering "D:\\Data\\data\\Portfolio\\Website Builder\\website-builder\\src\\app\\(main)\\agency\\(auth)\\sign-up\\[[...sign-up]]"
2025-05-17T15:43:36.410369Z  INFO get_globs:scan_sources: tailwindcss_oxide::scanner: Discovering "D:\\Data\\data\\Portfolio\\Website Builder\\website-builder\\src\\app\\(main)\\agency\\[agencyId]"
2025-05-17T15:43:36.410669Z  INFO get_globs:scan_sources: tailwindcss_oxide::scanner: Discovering "D:\\Data\\data\\Portfolio\\Website Builder\\website-builder\\src\\app\\(main)\\subaccount"
2025-05-17T15:43:36.410912Z  INFO get_globs:scan_sources: tailwindcss_oxide::scanner: Discovering "D:\\Data\\data\\Portfolio\\Website Builder\\website-builder\\src\\app\\api"
2025-05-17T15:43:36.411094Z  INFO get_globs:scan_sources: tailwindcss_oxide::scanner: Discovering "D:\\Data\\data\\Portfolio\\Website Builder\\website-builder\\src\\app\\api\\uploadthing"
2025-05-17T15:43:36.411370Z  INFO get_globs:scan_sources: tailwindcss_oxide::scanner: Discovering "D:\\Data\\data\\Portfolio\\Website Builder\\website-builder\\src\\app\\generated"
2025-05-17T15:43:36.411619Z  INFO get_globs:scan_sources: tailwindcss_oxide::scanner: Discovering "D:\\Data\\data\\Portfolio\\Website Builder\\website-builder\\src\\app\\generated\\prisma"
2025-05-17T15:43:36.412155Z  INFO get_globs:scan_sources: tailwindcss_oxide::scanner: Discovering "D:\\Data\\data\\Portfolio\\Website Builder\\website-builder\\src\\app\\generated\\prisma\\runtime"
2025-05-17T15:43:36.412765Z  INFO get_globs:scan_sources: tailwindcss_oxide::scanner: Discovering "D:\\Data\\data\\Portfolio\\Website Builder\\website-builder\\src\\app\\site"
2025-05-17T15:43:36.413002Z  INFO get_globs:scan_sources: tailwindcss_oxide::scanner: Discovering "D:\\Data\\data\\Portfolio\\Website Builder\\website-builder\\src\\app\\[domain]"
2025-05-17T15:43:36.413206Z  INFO get_globs:scan_sources: tailwindcss_oxide::scanner: Discovering "D:\\Data\\data\\Portfolio\\Website Builder\\website-builder\\src\\app\\[domain]\\[path]"
2025-05-17T15:43:36.413396Z  INFO get_globs:scan_sources: tailwindcss_oxide::scanner: exit
2025-05-17T15:43:36.422662Z ERROR get_globs: tailwindcss_oxide::glob: Failed to resolve glob: Os { code: 3, kind: NotFound, message: "The system cannot find the path specified." }
2025-05-17T15:43:36.422704Z  INFO get_globs: tailwindcss_oxide::scanner: exit
