2025-05-17T15:35:43.986726Z  INFO tailwindcss_oxide::scanner: Provided sources:
2025-05-17T15:35:43.987387Z  INFO tailwindcss_oxide::scanner: Source: PublicSourceEntry { base: "D:\\Data\\data\\Portfolio\\Website Builder\\website-builder", pattern: "**/*", negated: false }
2025-05-17T15:35:43.987409Z  INFO tailwindcss_oxide::scanner: Source: PublicSourceEntry { base: "D:\\Data\\data\\Portfolio\\Website Builder\\website-builder\\src\\app", pattern: "../node_modules/@uploadthing/react/dist", negated: false }
2025-05-17T15:35:43.987749Z  INFO tailwindcss_oxide::scanner: Optimized sources:
2025-05-17T15:35:43.987760Z  INFO tailwindcss_oxide::scanner: Source: Auto { base: "D:\\Data\\data\\Portfolio\\Website Builder\\website-builder" }
2025-05-17T15:35:43.988161Z  INFO tailwindcss_oxide::scanner: Source: Pattern { base: "D:\\Data\\data\\Portfolio\\Website Builder\\website-builder\\src\\app", pattern: "../node_modules/@uploadthing/react/dist" }
2025-05-17T15:35:43.989821Z  INFO scan_sources: tailwindcss_oxide::scanner: enter
2025-05-17T15:35:43.991449Z  INFO scan_sources: tailwindcss_oxide::scanner: Discovering "D:\\Data\\data\\Portfolio\\Website Builder\\website-builder\\.idea"
2025-05-17T15:35:43.991845Z  INFO scan_sources: tailwindcss_oxide::scanner: Discovering "D:\\Data\\data\\Portfolio\\Website Builder\\website-builder\\.idea\\inspectionProfiles"
2025-05-17T15:35:43.992014Z  INFO scan_sources: tailwindcss_oxide::scanner: Discovering "D:\\Data\\data\\Portfolio\\Website Builder\\website-builder\\.idea\\inspectionProfiles\\Project_Default.xml"
2025-05-17T15:35:43.992096Z  INFO scan_sources: tailwindcss_oxide::scanner: Discovering "D:\\Data\\data\\Portfolio\\Website Builder\\website-builder\\.idea\\modules.xml"
2025-05-17T15:35:43.992163Z  INFO scan_sources: tailwindcss_oxide::scanner: Discovering "D:\\Data\\data\\Portfolio\\Website Builder\\website-builder\\.idea\\vcs.xml"
2025-05-17T15:35:43.992231Z  INFO scan_sources: tailwindcss_oxide::scanner: Discovering "D:\\Data\\data\\Portfolio\\Website Builder\\website-builder\\.idea\\website-builder.iml"
2025-05-17T15:35:43.992523Z  INFO scan_sources: tailwindcss_oxide::scanner: Discovering "D:\\Data\\data\\Portfolio\\Website Builder\\website-builder\\.vscode"
2025-05-17T15:35:43.992673Z  INFO scan_sources: tailwindcss_oxide::scanner: Discovering "D:\\Data\\data\\Portfolio\\Website Builder\\website-builder\\.vscode\\settings.json"
2025-05-17T15:35:43.992767Z  INFO scan_sources: tailwindcss_oxide::scanner: Discovering "D:\\Data\\data\\Portfolio\\Website Builder\\website-builder\\components.json"
2025-05-17T15:35:43.992838Z  INFO scan_sources: tailwindcss_oxide::scanner: Discovering "D:\\Data\\data\\Portfolio\\Website Builder\\website-builder\\eslint.config.mjs"
2025-05-17T15:35:43.992913Z  INFO scan_sources: tailwindcss_oxide::scanner: Discovering "D:\\Data\\data\\Portfolio\\Website Builder\\website-builder\\next.config.ts"
2025-05-17T15:35:43.993210Z  INFO scan_sources: tailwindcss_oxide::scanner: Discovering "D:\\Data\\data\\Portfolio\\Website Builder\\website-builder\\package.json"
2025-05-17T15:35:43.993284Z  INFO scan_sources: tailwindcss_oxide::scanner: Discovering "D:\\Data\\data\\Portfolio\\Website Builder\\website-builder\\postcss.config.mjs"
2025-05-17T15:35:43.993410Z  INFO scan_sources: tailwindcss_oxide::scanner: Discovering "D:\\Data\\data\\Portfolio\\Website Builder\\website-builder\\prisma"
2025-05-17T15:35:43.993717Z  INFO scan_sources: tailwindcss_oxide::scanner: Discovering "D:\\Data\\data\\Portfolio\\Website Builder\\website-builder\\prisma\\migrations"
2025-05-17T15:35:43.993954Z  INFO scan_sources: tailwindcss_oxide::scanner: Discovering "D:\\Data\\data\\Portfolio\\Website Builder\\website-builder\\prisma\\migrations\\20250514191859_init"
2025-05-17T15:35:43.994180Z  INFO scan_sources: tailwindcss_oxide::scanner: Discovering "D:\\Data\\data\\Portfolio\\Website Builder\\website-builder\\prisma\\migrations\\20250514191859_init\\migration.sql"
2025-05-17T15:35:43.994345Z  INFO scan_sources: tailwindcss_oxide::scanner: Discovering "D:\\Data\\data\\Portfolio\\Website Builder\\website-builder\\prisma\\migrations\\20250514192452_fixed_some_spelling_issues"
2025-05-17T15:35:43.994630Z  INFO scan_sources: tailwindcss_oxide::scanner: Discovering "D:\\Data\\data\\Portfolio\\Website Builder\\website-builder\\prisma\\migrations\\20250514192452_fixed_some_spelling_issues\\migration.sql"
2025-05-17T15:35:43.994780Z  INFO scan_sources: tailwindcss_oxide::scanner: Discovering "D:\\Data\\data\\Portfolio\\Website Builder\\website-builder\\prisma\\migrations\\20250516110039_removed_cust_id_from_agency_just_for_now"
2025-05-17T15:35:43.995022Z  INFO scan_sources: tailwindcss_oxide::scanner: Discovering "D:\\Data\\data\\Portfolio\\Website Builder\\website-builder\\prisma\\migrations\\20250516110039_removed_cust_id_from_agency_just_for_now\\migration.sql"
2025-05-17T15:35:43.995150Z  INFO scan_sources: tailwindcss_oxide::scanner: Discovering "D:\\Data\\data\\Portfolio\\Website Builder\\website-builder\\prisma\\migrations\\20250517121620_fixed_city_captilization"
2025-05-17T15:35:43.995297Z  INFO scan_sources: tailwindcss_oxide::scanner: Discovering "D:\\Data\\data\\Portfolio\\Website Builder\\website-builder\\prisma\\migrations\\20250517121620_fixed_city_captilization\\migration.sql"
2025-05-17T15:35:43.995399Z  INFO scan_sources: tailwindcss_oxide::scanner: Discovering "D:\\Data\\data\\Portfolio\\Website Builder\\website-builder\\prisma\\migrations\\migration_lock.toml"
2025-05-17T15:35:43.995713Z  INFO scan_sources: tailwindcss_oxide::scanner: Discovering "D:\\Data\\data\\Portfolio\\Website Builder\\website-builder\\prisma\\schema.prisma"
2025-05-17T15:35:43.995913Z  INFO scan_sources: tailwindcss_oxide::scanner: Discovering "D:\\Data\\data\\Portfolio\\Website Builder\\website-builder\\public"
2025-05-17T15:35:43.996116Z  INFO scan_sources: tailwindcss_oxide::scanner: Discovering "D:\\Data\\data\\Portfolio\\Website Builder\\website-builder\\public\\assets"
2025-05-17T15:35:43.996300Z  INFO scan_sources: tailwindcss_oxide::scanner: Discovering "D:\\Data\\data\\Portfolio\\Website Builder\\website-builder\\public\\file.svg"
2025-05-17T15:35:43.996369Z  INFO scan_sources: tailwindcss_oxide::scanner: Discovering "D:\\Data\\data\\Portfolio\\Website Builder\\website-builder\\public\\globe.svg"
2025-05-17T15:35:43.996443Z  INFO scan_sources: tailwindcss_oxide::scanner: Discovering "D:\\Data\\data\\Portfolio\\Website Builder\\website-builder\\public\\next.svg"
2025-05-17T15:35:43.996513Z  INFO scan_sources: tailwindcss_oxide::scanner: Discovering "D:\\Data\\data\\Portfolio\\Website Builder\\website-builder\\public\\vercel.svg"
2025-05-17T15:35:43.996581Z  INFO scan_sources: tailwindcss_oxide::scanner: Discovering "D:\\Data\\data\\Portfolio\\Website Builder\\website-builder\\public\\window.svg"
2025-05-17T15:35:43.996697Z  INFO scan_sources: tailwindcss_oxide::scanner: Discovering "D:\\Data\\data\\Portfolio\\Website Builder\\website-builder\\README.md"
2025-05-17T15:35:43.996821Z  INFO scan_sources: tailwindcss_oxide::scanner: Discovering "D:\\Data\\data\\Portfolio\\Website Builder\\website-builder\\src"
2025-05-17T15:35:43.997033Z  INFO scan_sources: tailwindcss_oxide::scanner: Discovering "D:\\Data\\data\\Portfolio\\Website Builder\\website-builder\\src\\app"
2025-05-17T15:35:43.997230Z  INFO scan_sources: tailwindcss_oxide::scanner: Discovering "D:\\Data\\data\\Portfolio\\Website Builder\\website-builder\\src\\app\\(main)"
2025-05-17T15:35:43.997430Z  INFO scan_sources: tailwindcss_oxide::scanner: Discovering "D:\\Data\\data\\Portfolio\\Website Builder\\website-builder\\src\\app\\(main)\\agency"
2025-05-17T15:35:43.997738Z  INFO scan_sources: tailwindcss_oxide::scanner: Discovering "D:\\Data\\data\\Portfolio\\Website Builder\\website-builder\\src\\app\\(main)\\agency\\(auth)"
2025-05-17T15:35:43.997956Z  INFO scan_sources: tailwindcss_oxide::scanner: Discovering "D:\\Data\\data\\Portfolio\\Website Builder\\website-builder\\src\\app\\(main)\\agency\\(auth)\\layout.tsx"
2025-05-17T15:35:43.998143Z  INFO scan_sources: tailwindcss_oxide::scanner: Discovering "D:\\Data\\data\\Portfolio\\Website Builder\\website-builder\\src\\app\\(main)\\agency\\(auth)\\sign-in"
2025-05-17T15:35:43.998397Z  INFO scan_sources: tailwindcss_oxide::scanner: Discovering "D:\\Data\\data\\Portfolio\\Website Builder\\website-builder\\src\\app\\(main)\\agency\\(auth)\\sign-in\\page.tsx"
2025-05-17T15:35:43.998848Z  INFO scan_sources: tailwindcss_oxide::scanner: Discovering "D:\\Data\\data\\Portfolio\\Website Builder\\website-builder\\src\\app\\(main)\\agency\\(auth)\\sign-in\\[[...sign-in]]"
2025-05-17T15:35:43.999145Z  INFO scan_sources: tailwindcss_oxide::scanner: Discovering "D:\\Data\\data\\Portfolio\\Website Builder\\website-builder\\src\\app\\(main)\\agency\\(auth)\\sign-up"
2025-05-17T15:35:43.999368Z  INFO scan_sources: tailwindcss_oxide::scanner: Discovering "D:\\Data\\data\\Portfolio\\Website Builder\\website-builder\\src\\app\\(main)\\agency\\(auth)\\sign-up\\[[...sign-up]]"
2025-05-17T15:35:43.999576Z  INFO scan_sources: tailwindcss_oxide::scanner: Discovering "D:\\Data\\data\\Portfolio\\Website Builder\\website-builder\\src\\app\\(main)\\agency\\(auth)\\sign-up\\[[...sign-up]]\\page.tsx"
2025-05-17T15:35:43.999709Z  INFO scan_sources: tailwindcss_oxide::scanner: Discovering "D:\\Data\\data\\Portfolio\\Website Builder\\website-builder\\src\\app\\(main)\\agency\\page.tsx"
2025-05-17T15:35:43.999851Z  INFO scan_sources: tailwindcss_oxide::scanner: Discovering "D:\\Data\\data\\Portfolio\\Website Builder\\website-builder\\src\\app\\(main)\\agency\\[agencyId]"
2025-05-17T15:35:44.000060Z  INFO scan_sources: tailwindcss_oxide::scanner: Discovering "D:\\Data\\data\\Portfolio\\Website Builder\\website-builder\\src\\app\\(main)\\agency\\[agencyId]\\page.tsx"
2025-05-17T15:35:44.000198Z  INFO scan_sources: tailwindcss_oxide::scanner: Discovering "D:\\Data\\data\\Portfolio\\Website Builder\\website-builder\\src\\app\\(main)\\layout.tsx"
2025-05-17T15:35:44.000337Z  INFO scan_sources: tailwindcss_oxide::scanner: Discovering "D:\\Data\\data\\Portfolio\\Website Builder\\website-builder\\src\\app\\(main)\\subaccount"
2025-05-17T15:35:44.000596Z  INFO scan_sources: tailwindcss_oxide::scanner: Discovering "D:\\Data\\data\\Portfolio\\Website Builder\\website-builder\\src\\app\\(main)\\subaccount\\layout.tsx"
2025-05-17T15:35:44.000898Z  INFO scan_sources: tailwindcss_oxide::scanner: Discovering "D:\\Data\\data\\Portfolio\\Website Builder\\website-builder\\src\\app\\api"
2025-05-17T15:35:44.001277Z  INFO scan_sources: tailwindcss_oxide::scanner: Discovering "D:\\Data\\data\\Portfolio\\Website Builder\\website-builder\\src\\app\\api\\uploadthing"
2025-05-17T15:35:44.001511Z  INFO scan_sources: tailwindcss_oxide::scanner: Discovering "D:\\Data\\data\\Portfolio\\Website Builder\\website-builder\\src\\app\\api\\uploadthing\\core.ts"
2025-05-17T15:35:44.001599Z  INFO scan_sources: tailwindcss_oxide::scanner: Discovering "D:\\Data\\data\\Portfolio\\Website Builder\\website-builder\\src\\app\\api\\uploadthing\\route.ts"
2025-05-17T15:35:44.001767Z  INFO scan_sources: tailwindcss_oxide::scanner: Discovering "D:\\Data\\data\\Portfolio\\Website Builder\\website-builder\\src\\app\\generated"
2025-05-17T15:35:44.001967Z  INFO scan_sources: tailwindcss_oxide::scanner: Discovering "D:\\Data\\data\\Portfolio\\Website Builder\\website-builder\\src\\app\\generated\\prisma"
2025-05-17T15:35:44.002155Z  INFO scan_sources: tailwindcss_oxide::scanner: Discovering "D:\\Data\\data\\Portfolio\\Website Builder\\website-builder\\src\\app\\generated\\prisma\\client.d.ts"
2025-05-17T15:35:44.002226Z  INFO scan_sources: tailwindcss_oxide::scanner: Discovering "D:\\Data\\data\\Portfolio\\Website Builder\\website-builder\\src\\app\\generated\\prisma\\client.js"
2025-05-17T15:35:44.002298Z  INFO scan_sources: tailwindcss_oxide::scanner: Discovering "D:\\Data\\data\\Portfolio\\Website Builder\\website-builder\\src\\app\\generated\\prisma\\default.d.ts"
2025-05-17T15:35:44.002392Z  INFO scan_sources: tailwindcss_oxide::scanner: Discovering "D:\\Data\\data\\Portfolio\\Website Builder\\website-builder\\src\\app\\generated\\prisma\\default.js"
2025-05-17T15:35:44.002473Z  INFO scan_sources: tailwindcss_oxide::scanner: Discovering "D:\\Data\\data\\Portfolio\\Website Builder\\website-builder\\src\\app\\generated\\prisma\\edge.d.ts"
2025-05-17T15:35:44.002589Z  INFO scan_sources: tailwindcss_oxide::scanner: Discovering "D:\\Data\\data\\Portfolio\\Website Builder\\website-builder\\src\\app\\generated\\prisma\\edge.js"
2025-05-17T15:35:44.002671Z  INFO scan_sources: tailwindcss_oxide::scanner: Discovering "D:\\Data\\data\\Portfolio\\Website Builder\\website-builder\\src\\app\\generated\\prisma\\index-browser.js"
2025-05-17T15:35:44.002737Z  INFO scan_sources: tailwindcss_oxide::scanner: Discovering "D:\\Data\\data\\Portfolio\\Website Builder\\website-builder\\src\\app\\generated\\prisma\\index.d.ts"
2025-05-17T15:35:44.002809Z  INFO scan_sources: tailwindcss_oxide::scanner: Discovering "D:\\Data\\data\\Portfolio\\Website Builder\\website-builder\\src\\app\\generated\\prisma\\index.js"
2025-05-17T15:35:44.002875Z  INFO scan_sources: tailwindcss_oxide::scanner: Discovering "D:\\Data\\data\\Portfolio\\Website Builder\\website-builder\\src\\app\\generated\\prisma\\package.json"
2025-05-17T15:35:44.003004Z  INFO scan_sources: tailwindcss_oxide::scanner: Discovering "D:\\Data\\data\\Portfolio\\Website Builder\\website-builder\\src\\app\\generated\\prisma\\runtime"
2025-05-17T15:35:44.003164Z  INFO scan_sources: tailwindcss_oxide::scanner: Discovering "D:\\Data\\data\\Portfolio\\Website Builder\\website-builder\\src\\app\\generated\\prisma\\runtime\\edge-esm.js"
2025-05-17T15:35:44.003229Z  INFO scan_sources: tailwindcss_oxide::scanner: Discovering "D:\\Data\\data\\Portfolio\\Website Builder\\website-builder\\src\\app\\generated\\prisma\\runtime\\edge.js"
2025-05-17T15:35:44.003306Z  INFO scan_sources: tailwindcss_oxide::scanner: Discovering "D:\\Data\\data\\Portfolio\\Website Builder\\website-builder\\src\\app\\generated\\prisma\\runtime\\index-browser.d.ts"
2025-05-17T15:35:44.003399Z  INFO scan_sources: tailwindcss_oxide::scanner: Discovering "D:\\Data\\data\\Portfolio\\Website Builder\\website-builder\\src\\app\\generated\\prisma\\runtime\\index-browser.js"
2025-05-17T15:35:44.003474Z  INFO scan_sources: tailwindcss_oxide::scanner: Discovering "D:\\Data\\data\\Portfolio\\Website Builder\\website-builder\\src\\app\\generated\\prisma\\runtime\\library.d.ts"
2025-05-17T15:35:44.003545Z  INFO scan_sources: tailwindcss_oxide::scanner: Discovering "D:\\Data\\data\\Portfolio\\Website Builder\\website-builder\\src\\app\\generated\\prisma\\runtime\\library.js"
2025-05-17T15:35:44.003612Z  INFO scan_sources: tailwindcss_oxide::scanner: Discovering "D:\\Data\\data\\Portfolio\\Website Builder\\website-builder\\src\\app\\generated\\prisma\\runtime\\react-native.js"
2025-05-17T15:35:44.003675Z  INFO scan_sources: tailwindcss_oxide::scanner: Discovering "D:\\Data\\data\\Portfolio\\Website Builder\\website-builder\\src\\app\\generated\\prisma\\runtime\\wasm.js"
2025-05-17T15:35:44.003752Z  INFO scan_sources: tailwindcss_oxide::scanner: Discovering "D:\\Data\\data\\Portfolio\\Website Builder\\website-builder\\src\\app\\generated\\prisma\\schema.prisma"
2025-05-17T15:35:44.003822Z  INFO scan_sources: tailwindcss_oxide::scanner: Discovering "D:\\Data\\data\\Portfolio\\Website Builder\\website-builder\\src\\app\\generated\\prisma\\wasm.d.ts"
2025-05-17T15:35:44.003891Z  INFO scan_sources: tailwindcss_oxide::scanner: Discovering "D:\\Data\\data\\Portfolio\\Website Builder\\website-builder\\src\\app\\generated\\prisma\\wasm.js"
2025-05-17T15:35:44.003987Z  INFO scan_sources: tailwindcss_oxide::scanner: Discovering "D:\\Data\\data\\Portfolio\\Website Builder\\website-builder\\src\\app\\globals.css"
2025-05-17T15:35:44.004060Z  INFO scan_sources: tailwindcss_oxide::scanner: Discovering "D:\\Data\\data\\Portfolio\\Website Builder\\website-builder\\src\\app\\layout.tsx"
2025-05-17T15:35:44.004177Z  INFO scan_sources: tailwindcss_oxide::scanner: Discovering "D:\\Data\\data\\Portfolio\\Website Builder\\website-builder\\src\\app\\site"
2025-05-17T15:35:44.004320Z  INFO scan_sources: tailwindcss_oxide::scanner: Discovering "D:\\Data\\data\\Portfolio\\Website Builder\\website-builder\\src\\app\\site\\layout.tsx"
2025-05-17T15:35:44.004424Z  INFO scan_sources: tailwindcss_oxide::scanner: Discovering "D:\\Data\\data\\Portfolio\\Website Builder\\website-builder\\src\\app\\site\\page.tsx"
2025-05-17T15:35:44.004567Z  INFO scan_sources: tailwindcss_oxide::scanner: Discovering "D:\\Data\\data\\Portfolio\\Website Builder\\website-builder\\src\\app\\[domain]"
2025-05-17T15:35:44.004739Z  INFO scan_sources: tailwindcss_oxide::scanner: Discovering "D:\\Data\\data\\Portfolio\\Website Builder\\website-builder\\src\\app\\[domain]\\page.tsx"
2025-05-17T15:35:44.004847Z  INFO scan_sources: tailwindcss_oxide::scanner: Discovering "D:\\Data\\data\\Portfolio\\Website Builder\\website-builder\\src\\app\\[domain]\\[path]"
2025-05-17T15:35:44.004994Z  INFO scan_sources: tailwindcss_oxide::scanner: Discovering "D:\\Data\\data\\Portfolio\\Website Builder\\website-builder\\src\\app\\[domain]\\[path]\\page.tsx"
2025-05-17T15:35:44.005137Z  INFO scan_sources: tailwindcss_oxide::scanner: Discovering "D:\\Data\\data\\Portfolio\\Website Builder\\website-builder\\src\\components"
2025-05-17T15:35:44.005326Z  INFO scan_sources: tailwindcss_oxide::scanner: Discovering "D:\\Data\\data\\Portfolio\\Website Builder\\website-builder\\src\\components\\forms"
2025-05-17T15:35:44.005721Z  INFO scan_sources: tailwindcss_oxide::scanner: Discovering "D:\\Data\\data\\Portfolio\\Website Builder\\website-builder\\src\\components\\forms\\AgencyDetails.tsx"
2025-05-17T15:35:44.006172Z  INFO scan_sources: tailwindcss_oxide::scanner: Discovering "D:\\Data\\data\\Portfolio\\Website Builder\\website-builder\\src\\components\\global"
2025-05-17T15:35:44.006702Z  INFO scan_sources: tailwindcss_oxide::scanner: Discovering "D:\\Data\\data\\Portfolio\\Website Builder\\website-builder\\src\\components\\global\\file-upload.tsx"
2025-05-17T15:35:44.006934Z  INFO scan_sources: tailwindcss_oxide::scanner: Discovering "D:\\Data\\data\\Portfolio\\Website Builder\\website-builder\\src\\components\\global\\loading-page.tsx"
2025-05-17T15:35:44.007308Z  INFO scan_sources: tailwindcss_oxide::scanner: Discovering "D:\\Data\\data\\Portfolio\\Website Builder\\website-builder\\src\\components\\global\\ModeToggle.tsx"
2025-05-17T15:35:44.008121Z  INFO scan_sources: tailwindcss_oxide::scanner: Discovering "D:\\Data\\data\\Portfolio\\Website Builder\\website-builder\\src\\components\\site"
2025-05-17T15:35:44.008517Z  INFO scan_sources: tailwindcss_oxide::scanner: Discovering "D:\\Data\\data\\Portfolio\\Website Builder\\website-builder\\src\\components\\site\\Navigation"
2025-05-17T15:35:44.008788Z  INFO scan_sources: tailwindcss_oxide::scanner: Discovering "D:\\Data\\data\\Portfolio\\Website Builder\\website-builder\\src\\components\\site\\Navigation\\index.tsx"
2025-05-17T15:35:44.008982Z  INFO scan_sources: tailwindcss_oxide::scanner: Discovering "D:\\Data\\data\\Portfolio\\Website Builder\\website-builder\\src\\components\\ui"
2025-05-17T15:35:44.009186Z  INFO scan_sources: tailwindcss_oxide::scanner: Discovering "D:\\Data\\data\\Portfolio\\Website Builder\\website-builder\\src\\components\\ui\\accordion.tsx"
2025-05-17T15:35:44.009257Z  INFO scan_sources: tailwindcss_oxide::scanner: Discovering "D:\\Data\\data\\Portfolio\\Website Builder\\website-builder\\src\\components\\ui\\alert-dialog.tsx"
2025-05-17T15:35:44.009337Z  INFO scan_sources: tailwindcss_oxide::scanner: Discovering "D:\\Data\\data\\Portfolio\\Website Builder\\website-builder\\src\\components\\ui\\alert.tsx"
2025-05-17T15:35:44.009413Z  INFO scan_sources: tailwindcss_oxide::scanner: Discovering "D:\\Data\\data\\Portfolio\\Website Builder\\website-builder\\src\\components\\ui\\aspect-ratio.tsx"
2025-05-17T15:35:44.009487Z  INFO scan_sources: tailwindcss_oxide::scanner: Discovering "D:\\Data\\data\\Portfolio\\Website Builder\\website-builder\\src\\components\\ui\\avatar.tsx"
2025-05-17T15:35:44.009558Z  INFO scan_sources: tailwindcss_oxide::scanner: Discovering "D:\\Data\\data\\Portfolio\\Website Builder\\website-builder\\src\\components\\ui\\badge.tsx"
2025-05-17T15:35:44.009636Z  INFO scan_sources: tailwindcss_oxide::scanner: Discovering "D:\\Data\\data\\Portfolio\\Website Builder\\website-builder\\src\\components\\ui\\breadcrumb.tsx"
2025-05-17T15:35:44.009714Z  INFO scan_sources: tailwindcss_oxide::scanner: Discovering "D:\\Data\\data\\Portfolio\\Website Builder\\website-builder\\src\\components\\ui\\button.tsx"
2025-05-17T15:35:44.009802Z  INFO scan_sources: tailwindcss_oxide::scanner: Discovering "D:\\Data\\data\\Portfolio\\Website Builder\\website-builder\\src\\components\\ui\\calendar.tsx"
2025-05-17T15:35:44.009871Z  INFO scan_sources: tailwindcss_oxide::scanner: Discovering "D:\\Data\\data\\Portfolio\\Website Builder\\website-builder\\src\\components\\ui\\card.tsx"
2025-05-17T15:35:44.009937Z  INFO scan_sources: tailwindcss_oxide::scanner: Discovering "D:\\Data\\data\\Portfolio\\Website Builder\\website-builder\\src\\components\\ui\\carousel.tsx"
2025-05-17T15:35:44.010000Z  INFO scan_sources: tailwindcss_oxide::scanner: Discovering "D:\\Data\\data\\Portfolio\\Website Builder\\website-builder\\src\\components\\ui\\chart.tsx"
2025-05-17T15:35:44.010065Z  INFO scan_sources: tailwindcss_oxide::scanner: Discovering "D:\\Data\\data\\Portfolio\\Website Builder\\website-builder\\src\\components\\ui\\checkbox.tsx"
2025-05-17T15:35:44.010155Z  INFO scan_sources: tailwindcss_oxide::scanner: Discovering "D:\\Data\\data\\Portfolio\\Website Builder\\website-builder\\src\\components\\ui\\collapsible.tsx"
2025-05-17T15:35:44.010223Z  INFO scan_sources: tailwindcss_oxide::scanner: Discovering "D:\\Data\\data\\Portfolio\\Website Builder\\website-builder\\src\\components\\ui\\command.tsx"
2025-05-17T15:35:44.010291Z  INFO scan_sources: tailwindcss_oxide::scanner: Discovering "D:\\Data\\data\\Portfolio\\Website Builder\\website-builder\\src\\components\\ui\\context-menu.tsx"
2025-05-17T15:35:44.010360Z  INFO scan_sources: tailwindcss_oxide::scanner: Discovering "D:\\Data\\data\\Portfolio\\Website Builder\\website-builder\\src\\components\\ui\\dialog.tsx"
2025-05-17T15:35:44.010431Z  INFO scan_sources: tailwindcss_oxide::scanner: Discovering "D:\\Data\\data\\Portfolio\\Website Builder\\website-builder\\src\\components\\ui\\drawer.tsx"
2025-05-17T15:35:44.010501Z  INFO scan_sources: tailwindcss_oxide::scanner: Discovering "D:\\Data\\data\\Portfolio\\Website Builder\\website-builder\\src\\components\\ui\\dropdown-menu.tsx"
2025-05-17T15:35:44.010582Z  INFO scan_sources: tailwindcss_oxide::scanner: Discovering "D:\\Data\\data\\Portfolio\\Website Builder\\website-builder\\src\\components\\ui\\form.tsx"
2025-05-17T15:35:44.010652Z  INFO scan_sources: tailwindcss_oxide::scanner: Discovering "D:\\Data\\data\\Portfolio\\Website Builder\\website-builder\\src\\components\\ui\\hover-card.tsx"
2025-05-17T15:35:44.010720Z  INFO scan_sources: tailwindcss_oxide::scanner: Discovering "D:\\Data\\data\\Portfolio\\Website Builder\\website-builder\\src\\components\\ui\\input-otp.tsx"
2025-05-17T15:35:44.010811Z  INFO scan_sources: tailwindcss_oxide::scanner: Discovering "D:\\Data\\data\\Portfolio\\Website Builder\\website-builder\\src\\components\\ui\\input.tsx"
2025-05-17T15:35:44.010879Z  INFO scan_sources: tailwindcss_oxide::scanner: Discovering "D:\\Data\\data\\Portfolio\\Website Builder\\website-builder\\src\\components\\ui\\label.tsx"
2025-05-17T15:35:44.010946Z  INFO scan_sources: tailwindcss_oxide::scanner: Discovering "D:\\Data\\data\\Portfolio\\Website Builder\\website-builder\\src\\components\\ui\\menubar.tsx"
2025-05-17T15:35:44.011019Z  INFO scan_sources: tailwindcss_oxide::scanner: Discovering "D:\\Data\\data\\Portfolio\\Website Builder\\website-builder\\src\\components\\ui\\navigation-menu.tsx"
2025-05-17T15:35:44.011089Z  INFO scan_sources: tailwindcss_oxide::scanner: Discovering "D:\\Data\\data\\Portfolio\\Website Builder\\website-builder\\src\\components\\ui\\pagination.tsx"
2025-05-17T15:35:44.011158Z  INFO scan_sources: tailwindcss_oxide::scanner: Discovering "D:\\Data\\data\\Portfolio\\Website Builder\\website-builder\\src\\components\\ui\\popover.tsx"
2025-05-17T15:35:44.011228Z  INFO scan_sources: tailwindcss_oxide::scanner: Discovering "D:\\Data\\data\\Portfolio\\Website Builder\\website-builder\\src\\components\\ui\\progress.tsx"
2025-05-17T15:35:44.011300Z  INFO scan_sources: tailwindcss_oxide::scanner: Discovering "D:\\Data\\data\\Portfolio\\Website Builder\\website-builder\\src\\components\\ui\\radio-group.tsx"
2025-05-17T15:35:44.011372Z  INFO scan_sources: tailwindcss_oxide::scanner: Discovering "D:\\Data\\data\\Portfolio\\Website Builder\\website-builder\\src\\components\\ui\\resizable.tsx"
2025-05-17T15:35:44.011464Z  INFO scan_sources: tailwindcss_oxide::scanner: Discovering "D:\\Data\\data\\Portfolio\\Website Builder\\website-builder\\src\\components\\ui\\scroll-area.tsx"
2025-05-17T15:35:44.011529Z  INFO scan_sources: tailwindcss_oxide::scanner: Discovering "D:\\Data\\data\\Portfolio\\Website Builder\\website-builder\\src\\components\\ui\\select.tsx"
2025-05-17T15:35:44.011595Z  INFO scan_sources: tailwindcss_oxide::scanner: Discovering "D:\\Data\\data\\Portfolio\\Website Builder\\website-builder\\src\\components\\ui\\separator.tsx"
2025-05-17T15:35:44.011662Z  INFO scan_sources: tailwindcss_oxide::scanner: Discovering "D:\\Data\\data\\Portfolio\\Website Builder\\website-builder\\src\\components\\ui\\sheet.tsx"
2025-05-17T15:35:44.011727Z  INFO scan_sources: tailwindcss_oxide::scanner: Discovering "D:\\Data\\data\\Portfolio\\Website Builder\\website-builder\\src\\components\\ui\\sidebar.tsx"
2025-05-17T15:35:44.011802Z  INFO scan_sources: tailwindcss_oxide::scanner: Discovering "D:\\Data\\data\\Portfolio\\Website Builder\\website-builder\\src\\components\\ui\\skeleton.tsx"
2025-05-17T15:35:44.011866Z  INFO scan_sources: tailwindcss_oxide::scanner: Discovering "D:\\Data\\data\\Portfolio\\Website Builder\\website-builder\\src\\components\\ui\\slider.tsx"
2025-05-17T15:35:44.011927Z  INFO scan_sources: tailwindcss_oxide::scanner: Discovering "D:\\Data\\data\\Portfolio\\Website Builder\\website-builder\\src\\components\\ui\\sonner.tsx"
2025-05-17T15:35:44.011990Z  INFO scan_sources: tailwindcss_oxide::scanner: Discovering "D:\\Data\\data\\Portfolio\\Website Builder\\website-builder\\src\\components\\ui\\switch.tsx"
2025-05-17T15:35:44.012055Z  INFO scan_sources: tailwindcss_oxide::scanner: Discovering "D:\\Data\\data\\Portfolio\\Website Builder\\website-builder\\src\\components\\ui\\table.tsx"
2025-05-17T15:35:44.012121Z  INFO scan_sources: tailwindcss_oxide::scanner: Discovering "D:\\Data\\data\\Portfolio\\Website Builder\\website-builder\\src\\components\\ui\\tabs.tsx"
2025-05-17T15:35:44.012191Z  INFO scan_sources: tailwindcss_oxide::scanner: Discovering "D:\\Data\\data\\Portfolio\\Website Builder\\website-builder\\src\\components\\ui\\textarea.tsx"
2025-05-17T15:35:44.012256Z  INFO scan_sources: tailwindcss_oxide::scanner: Discovering "D:\\Data\\data\\Portfolio\\Website Builder\\website-builder\\src\\components\\ui\\toggle-group.tsx"
2025-05-17T15:35:44.012342Z  INFO scan_sources: tailwindcss_oxide::scanner: Discovering "D:\\Data\\data\\Portfolio\\Website Builder\\website-builder\\src\\components\\ui\\toggle.tsx"
2025-05-17T15:35:44.012510Z  INFO scan_sources: tailwindcss_oxide::scanner: Discovering "D:\\Data\\data\\Portfolio\\Website Builder\\website-builder\\src\\components\\ui\\tooltip.tsx"
2025-05-17T15:35:44.012897Z  INFO scan_sources: tailwindcss_oxide::scanner: Discovering "D:\\Data\\data\\Portfolio\\Website Builder\\website-builder\\src\\config.ts"
2025-05-17T15:35:44.013268Z  INFO scan_sources: tailwindcss_oxide::scanner: Discovering "D:\\Data\\data\\Portfolio\\Website Builder\\website-builder\\src\\hooks"
2025-05-17T15:35:44.013770Z  INFO scan_sources: tailwindcss_oxide::scanner: Discovering "D:\\Data\\data\\Portfolio\\Website Builder\\website-builder\\src\\hooks\\use-mobile.ts"
2025-05-17T15:35:44.014223Z  INFO scan_sources: tailwindcss_oxide::scanner: Discovering "D:\\Data\\data\\Portfolio\\Website Builder\\website-builder\\src\\lib"
2025-05-17T15:35:44.014724Z  INFO scan_sources: tailwindcss_oxide::scanner: Discovering "D:\\Data\\data\\Portfolio\\Website Builder\\website-builder\\src\\lib\\constants.ts"
2025-05-17T15:35:44.014967Z  INFO scan_sources: tailwindcss_oxide::scanner: Discovering "D:\\Data\\data\\Portfolio\\Website Builder\\website-builder\\src\\lib\\prisma.ts"
2025-05-17T15:35:44.015192Z  INFO scan_sources: tailwindcss_oxide::scanner: Discovering "D:\\Data\\data\\Portfolio\\Website Builder\\website-builder\\src\\lib\\queries.ts"
2025-05-17T15:35:44.015370Z  INFO scan_sources: tailwindcss_oxide::scanner: Discovering "D:\\Data\\data\\Portfolio\\Website Builder\\website-builder\\src\\lib\\uploadthing.ts"
2025-05-17T15:35:44.015549Z  INFO scan_sources: tailwindcss_oxide::scanner: Discovering "D:\\Data\\data\\Portfolio\\Website Builder\\website-builder\\src\\lib\\utils.ts"
2025-05-17T15:35:44.015776Z  INFO scan_sources: tailwindcss_oxide::scanner: Discovering "D:\\Data\\data\\Portfolio\\Website Builder\\website-builder\\src\\middleware.ts"
2025-05-17T15:35:44.016132Z  INFO scan_sources: tailwindcss_oxide::scanner: Discovering "D:\\Data\\data\\Portfolio\\Website Builder\\website-builder\\src\\providers"
2025-05-17T15:35:44.016730Z  INFO scan_sources: tailwindcss_oxide::scanner: Discovering "D:\\Data\\data\\Portfolio\\Website Builder\\website-builder\\src\\providers\\theme-provider.tsx"
2025-05-17T15:35:44.016850Z  INFO scan_sources: tailwindcss_oxide::scanner: Discovering "D:\\Data\\data\\Portfolio\\Website Builder\\website-builder\\tsconfig.json"
2025-05-17T15:35:44.017906Z  INFO scan_sources: tailwindcss_oxide::scanner: Discovering "D:\\Data\\data\\Portfolio\\Website Builder\\website-builder\\src\\app\\(main)"
2025-05-17T15:35:44.018110Z  INFO scan_sources: tailwindcss_oxide::scanner: Discovering "D:\\Data\\data\\Portfolio\\Website Builder\\website-builder\\src\\app\\(main)\\agency"
2025-05-17T15:35:44.018328Z  INFO scan_sources: tailwindcss_oxide::scanner: Discovering "D:\\Data\\data\\Portfolio\\Website Builder\\website-builder\\src\\app\\(main)\\agency\\(auth)"
2025-05-17T15:35:44.018580Z  INFO scan_sources: tailwindcss_oxide::scanner: Discovering "D:\\Data\\data\\Portfolio\\Website Builder\\website-builder\\src\\app\\(main)\\agency\\(auth)\\sign-in"
2025-05-17T15:35:44.018815Z  INFO scan_sources: tailwindcss_oxide::scanner: Discovering "D:\\Data\\data\\Portfolio\\Website Builder\\website-builder\\src\\app\\(main)\\agency\\(auth)\\sign-in\\[[...sign-in]]"
2025-05-17T15:35:44.019031Z  INFO scan_sources: tailwindcss_oxide::scanner: Discovering "D:\\Data\\data\\Portfolio\\Website Builder\\website-builder\\src\\app\\(main)\\agency\\(auth)\\sign-up"
2025-05-17T15:35:44.019323Z  INFO scan_sources: tailwindcss_oxide::scanner: Discovering "D:\\Data\\data\\Portfolio\\Website Builder\\website-builder\\src\\app\\(main)\\agency\\(auth)\\sign-up\\[[...sign-up]]"
2025-05-17T15:35:44.020521Z  INFO scan_sources: tailwindcss_oxide::scanner: Discovering "D:\\Data\\data\\Portfolio\\Website Builder\\website-builder\\src\\app\\(main)\\agency\\[agencyId]"
2025-05-17T15:35:44.021615Z  INFO scan_sources: tailwindcss_oxide::scanner: Discovering "D:\\Data\\data\\Portfolio\\Website Builder\\website-builder\\src\\app\\(main)\\subaccount"
2025-05-17T15:35:44.022361Z  INFO scan_sources: tailwindcss_oxide::scanner: Discovering "D:\\Data\\data\\Portfolio\\Website Builder\\website-builder\\src\\app\\api"
2025-05-17T15:35:44.022955Z  INFO scan_sources: tailwindcss_oxide::scanner: Discovering "D:\\Data\\data\\Portfolio\\Website Builder\\website-builder\\src\\app\\api\\uploadthing"
2025-05-17T15:35:44.023471Z  INFO scan_sources: tailwindcss_oxide::scanner: Discovering "D:\\Data\\data\\Portfolio\\Website Builder\\website-builder\\src\\app\\generated"
2025-05-17T15:35:44.023716Z  INFO scan_sources: tailwindcss_oxide::scanner: Discovering "D:\\Data\\data\\Portfolio\\Website Builder\\website-builder\\src\\app\\generated\\prisma"
2025-05-17T15:35:44.024333Z  INFO scan_sources: tailwindcss_oxide::scanner: Discovering "D:\\Data\\data\\Portfolio\\Website Builder\\website-builder\\src\\app\\generated\\prisma\\runtime"
2025-05-17T15:35:44.026078Z  INFO scan_sources: tailwindcss_oxide::scanner: Discovering "D:\\Data\\data\\Portfolio\\Website Builder\\website-builder\\src\\app\\site"
2025-05-17T15:35:44.027104Z  INFO scan_sources: tailwindcss_oxide::scanner: Discovering "D:\\Data\\data\\Portfolio\\Website Builder\\website-builder\\src\\app\\[domain]"
2025-05-17T15:35:44.027714Z  INFO scan_sources: tailwindcss_oxide::scanner: Discovering "D:\\Data\\data\\Portfolio\\Website Builder\\website-builder\\src\\app\\[domain]\\[path]"
2025-05-17T15:35:44.028526Z  INFO scan_sources: tailwindcss_oxide::scanner: exit
2025-05-17T15:35:44.028563Z  INFO extract_candidates: tailwindcss_oxide::scanner: enter
2025-05-17T15:35:44.028576Z  INFO extract_candidates:read_all_files: tailwindcss_oxide::scanner: enter
2025-05-17T15:35:44.028580Z  INFO extract_candidates:read_all_files: tailwindcss_oxide::scanner: Reading 118 file(s)
2025-05-17T15:35:44.029705Z  INFO tailwindcss_oxide::scanner: Reading "D:\\Data\\data\\Portfolio\\Website Builder\\website-builder\\.idea\\inspectionProfiles\\Project_Default.xml"
2025-05-17T15:35:44.029731Z  INFO tailwindcss_oxide::scanner: Reading "D:\\Data\\data\\Portfolio\\Website Builder\\website-builder\\src\\app\\generated\\prisma\\wasm.js"
2025-05-17T15:35:44.029744Z  INFO tailwindcss_oxide::scanner: Reading "D:\\Data\\data\\Portfolio\\Website Builder\\website-builder\\src\\components\\global\\loading-page.tsx"
2025-05-17T15:35:44.029764Z  INFO tailwindcss_oxide::scanner: Reading "D:\\Data\\data\\Portfolio\\Website Builder\\website-builder\\src\\app\\generated\\prisma\\runtime\\index-browser.js"
2025-05-17T15:35:44.029794Z  INFO tailwindcss_oxide::scanner: Reading "D:\\Data\\data\\Portfolio\\Website Builder\\website-builder\\src\\components\\ui\\pagination.tsx"
2025-05-17T15:35:44.029763Z  INFO tailwindcss_oxide::scanner: Reading "D:\\Data\\data\\Portfolio\\Website Builder\\website-builder\\src\\app\\api\\uploadthing\\core.ts"
2025-05-17T15:35:44.029832Z  INFO tailwindcss_oxide::scanner: Reading "D:\\Data\\data\\Portfolio\\Website Builder\\website-builder\\.idea\\modules.xml"
2025-05-17T15:35:44.029868Z  INFO tailwindcss_oxide::scanner: Reading "D:\\Data\\data\\Portfolio\\Website Builder\\website-builder\\src\\app\\layout.tsx"
2025-05-17T15:35:44.029903Z  INFO tailwindcss_oxide::scanner: Reading "D:\\Data\\data\\Portfolio\\Website Builder\\website-builder\\src\\components\\ui\\popover.tsx"
2025-05-17T15:35:44.029910Z  INFO tailwindcss_oxide::scanner: Reading "D:\\Data\\data\\Portfolio\\Website Builder\\website-builder\\.idea\\vcs.xml"
2025-05-17T15:35:44.029894Z  INFO tailwindcss_oxide::scanner: Reading "D:\\Data\\data\\Portfolio\\Website Builder\\website-builder\\src\\app\\generated\\prisma\\runtime\\react-native.js"
2025-05-17T15:35:44.029921Z  INFO tailwindcss_oxide::scanner: Reading "D:\\Data\\data\\Portfolio\\Website Builder\\website-builder\\src\\components\\global\\ModeToggle.tsx"
2025-05-17T15:35:44.029963Z  INFO tailwindcss_oxide::scanner: Reading "D:\\Data\\data\\Portfolio\\Website Builder\\website-builder\\src\\app\\api\\uploadthing\\route.ts"
2025-05-17T15:35:44.029969Z  INFO tailwindcss_oxide::scanner: Reading "D:\\Data\\data\\Portfolio\\Website Builder\\website-builder\\src\\app\\site\\layout.tsx"
2025-05-17T15:35:44.029990Z  INFO tailwindcss_oxide::scanner: Reading "D:\\Data\\data\\Portfolio\\Website Builder\\website-builder\\.idea\\website-builder.iml"
2025-05-17T15:35:44.029990Z  INFO tailwindcss_oxide::scanner: Reading "D:\\Data\\data\\Portfolio\\Website Builder\\website-builder\\src\\components\\ui\\progress.tsx"
2025-05-17T15:35:44.030060Z  INFO tailwindcss_oxide::scanner: Reading "D:\\Data\\data\\Portfolio\\Website Builder\\website-builder\\src\\app\\generated\\prisma\\client.d.ts"
2025-05-17T15:35:44.030067Z  INFO tailwindcss_oxide::scanner: Reading "D:\\Data\\data\\Portfolio\\Website Builder\\website-builder\\src\\app\\site\\page.tsx"
2025-05-17T15:35:44.030079Z  INFO tailwindcss_oxide::scanner: Reading "D:\\Data\\data\\Portfolio\\Website Builder\\website-builder\\src\\components\\ui\\radio-group.tsx"
2025-05-17T15:35:44.030077Z  INFO tailwindcss_oxide::scanner: Reading "D:\\Data\\data\\Portfolio\\Website Builder\\website-builder\\src\\app\\generated\\prisma\\runtime\\library.d.ts"
2025-05-17T15:35:44.030135Z  INFO tailwindcss_oxide::scanner: Reading "D:\\Data\\data\\Portfolio\\Website Builder\\website-builder\\src\\app\\generated\\prisma\\client.js"
2025-05-17T15:35:44.030080Z  INFO tailwindcss_oxide::scanner: Reading "D:\\Data\\data\\Portfolio\\Website Builder\\website-builder\\src\\components\\site\\Navigation\\index.tsx"
2025-05-17T15:35:44.030175Z  INFO tailwindcss_oxide::scanner: Reading "D:\\Data\\data\\Portfolio\\Website Builder\\website-builder\\src\\components\\ui\\resizable.tsx"
2025-05-17T15:35:44.030091Z  INFO tailwindcss_oxide::scanner: Reading "D:\\Data\\data\\Portfolio\\Website Builder\\website-builder\\.vscode\\settings.json"
2025-05-17T15:35:44.030157Z  INFO tailwindcss_oxide::scanner: Reading "D:\\Data\\data\\Portfolio\\Website Builder\\website-builder\\src\\app\\[domain]\\page.tsx"
2025-05-17T15:35:44.030236Z  INFO tailwindcss_oxide::scanner: Reading "D:\\Data\\data\\Portfolio\\Website Builder\\website-builder\\src\\app\\generated\\prisma\\runtime\\library.js"
2025-05-17T15:35:44.030279Z  INFO tailwindcss_oxide::scanner: Reading "D:\\Data\\data\\Portfolio\\Website Builder\\website-builder\\src\\app\\generated\\prisma\\default.d.ts"
2025-05-17T15:35:44.030285Z  INFO tailwindcss_oxide::scanner: Reading "D:\\Data\\data\\Portfolio\\Website Builder\\website-builder\\components.json"
2025-05-17T15:35:44.030298Z  INFO tailwindcss_oxide::scanner: Reading "D:\\Data\\data\\Portfolio\\Website Builder\\website-builder\\src\\app\\generated\\prisma\\runtime\\wasm.js"
2025-05-17T15:35:44.030327Z  INFO tailwindcss_oxide::scanner: Reading "D:\\Data\\data\\Portfolio\\Website Builder\\website-builder\\src\\app\\[domain]\\[path]\\page.tsx"
2025-05-17T15:35:44.030337Z  INFO tailwindcss_oxide::scanner: Reading "D:\\Data\\data\\Portfolio\\Website Builder\\website-builder\\src\\app\\generated\\prisma\\schema.prisma"
2025-05-17T15:35:44.030375Z  INFO tailwindcss_oxide::scanner: Reading "D:\\Data\\data\\Portfolio\\Website Builder\\website-builder\\eslint.config.mjs"
2025-05-17T15:35:44.030390Z  INFO tailwindcss_oxide::scanner: Reading "D:\\Data\\data\\Portfolio\\Website Builder\\website-builder\\prisma\\migrations\\migration_lock.toml"
2025-05-17T15:35:44.030413Z  INFO tailwindcss_oxide::scanner: Reading "D:\\Data\\data\\Portfolio\\Website Builder\\website-builder\\src\\app\\generated\\prisma\\default.js"
2025-05-17T15:35:44.030404Z  INFO tailwindcss_oxide::scanner: Reading "D:\\Data\\data\\Portfolio\\Website Builder\\website-builder\\src\\app\\generated\\prisma\\edge.js"
2025-05-17T15:35:44.030433Z  INFO tailwindcss_oxide::scanner: Reading "D:\\Data\\data\\Portfolio\\Website Builder\\website-builder\\src\\components\\forms\\AgencyDetails.tsx"
2025-05-17T15:35:44.030509Z  INFO tailwindcss_oxide::scanner: Reading "D:\\Data\\data\\Portfolio\\Website Builder\\website-builder\\prisma\\schema.prisma"
2025-05-17T15:35:44.030521Z  INFO tailwindcss_oxide::scanner: Reading "D:\\Data\\data\\Portfolio\\Website Builder\\website-builder\\src\\app\\generated\\prisma\\edge.d.ts"
2025-05-17T15:35:44.030516Z  INFO tailwindcss_oxide::scanner: Reading "D:\\Data\\data\\Portfolio\\Website Builder\\website-builder\\prisma\\migrations\\20250514191859_init\\migration.sql"
2025-05-17T15:35:44.030525Z  INFO tailwindcss_oxide::scanner: Reading "D:\\Data\\data\\Portfolio\\Website Builder\\website-builder\\src\\components\\global\\file-upload.tsx"
2025-05-17T15:35:44.030524Z  INFO tailwindcss_oxide::scanner: Reading "D:\\Data\\data\\Portfolio\\Website Builder\\website-builder\\src\\app\\generated\\prisma\\wasm.d.ts"
2025-05-17T15:35:44.030583Z  INFO tailwindcss_oxide::scanner: Reading "D:\\Data\\data\\Portfolio\\Website Builder\\website-builder\\src\\components\\ui\\accordion.tsx"
2025-05-17T15:35:44.030590Z  INFO tailwindcss_oxide::scanner: Reading "D:\\Data\\data\\Portfolio\\Website Builder\\website-builder\\public\\file.svg"
2025-05-17T15:35:44.030586Z  INFO tailwindcss_oxide::scanner: Reading "D:\\Data\\data\\Portfolio\\Website Builder\\website-builder\\next.config.ts"
2025-05-17T15:35:44.030613Z  INFO tailwindcss_oxide::scanner: Reading "D:\\Data\\data\\Portfolio\\Website Builder\\website-builder\\src\\components\\ui\\scroll-area.tsx"
2025-05-17T15:35:44.030618Z  INFO tailwindcss_oxide::scanner: Reading "D:\\Data\\data\\Portfolio\\Website Builder\\website-builder\\src\\app\\generated\\prisma\\index-browser.js"
2025-05-17T15:35:44.030620Z  INFO tailwindcss_oxide::scanner: Reading "D:\\Data\\data\\Portfolio\\Website Builder\\website-builder\\prisma\\migrations\\20250516110039_removed_cust_id_from_agency_just_for_now\\migration.sql"
2025-05-17T15:35:44.030633Z  INFO tailwindcss_oxide::scanner: Reading "D:\\Data\\data\\Portfolio\\Website Builder\\website-builder\\prisma\\migrations\\20250514192452_fixed_some_spelling_issues\\migration.sql"
2025-05-17T15:35:44.030638Z  INFO tailwindcss_oxide::scanner: Reading "D:\\Data\\data\\Portfolio\\Website Builder\\website-builder\\src\\components\\ui\\tabs.tsx"
2025-05-17T15:35:44.030666Z  INFO tailwindcss_oxide::scanner: Reading "D:\\Data\\data\\Portfolio\\Website Builder\\website-builder\\public\\globe.svg"
2025-05-17T15:35:44.030688Z  INFO tailwindcss_oxide::scanner: Reading "D:\\Data\\data\\Portfolio\\Website Builder\\website-builder\\src\\components\\ui\\chart.tsx"
2025-05-17T15:35:44.030706Z  INFO tailwindcss_oxide::scanner: Reading "D:\\Data\\data\\Portfolio\\Website Builder\\website-builder\\prisma\\migrations\\20250517121620_fixed_city_captilization\\migration.sql"
2025-05-17T15:35:44.030740Z  INFO tailwindcss_oxide::scanner: Reading "D:\\Data\\data\\Portfolio\\Website Builder\\website-builder\\public\\next.svg"
2025-05-17T15:35:44.030770Z  INFO tailwindcss_oxide::scanner: Reading "D:\\Data\\data\\Portfolio\\Website Builder\\website-builder\\postcss.config.mjs"
2025-05-17T15:35:44.030800Z  INFO tailwindcss_oxide::scanner: Reading "D:\\Data\\data\\Portfolio\\Website Builder\\website-builder\\package.json"
2025-05-17T15:35:44.030814Z  INFO tailwindcss_oxide::scanner: Reading "D:\\Data\\data\\Portfolio\\Website Builder\\website-builder\\public\\vercel.svg"
2025-05-17T15:35:44.030828Z  INFO tailwindcss_oxide::scanner: Reading "D:\\Data\\data\\Portfolio\\Website Builder\\website-builder\\src\\components\\ui\\alert-dialog.tsx"
2025-05-17T15:35:44.030866Z  INFO tailwindcss_oxide::scanner: Reading "D:\\Data\\data\\Portfolio\\Website Builder\\website-builder\\src\\app\\generated\\prisma\\package.json"
2025-05-17T15:35:44.030885Z  INFO tailwindcss_oxide::scanner: Reading "D:\\Data\\data\\Portfolio\\Website Builder\\website-builder\\public\\window.svg"
2025-05-17T15:35:44.030904Z  INFO tailwindcss_oxide::scanner: Reading "D:\\Data\\data\\Portfolio\\Website Builder\\website-builder\\src\\components\\ui\\avatar.tsx"
2025-05-17T15:35:44.030933Z  INFO tailwindcss_oxide::scanner: Reading "D:\\Data\\data\\Portfolio\\Website Builder\\website-builder\\src\\components\\ui\\textarea.tsx"
2025-05-17T15:35:44.030945Z  INFO tailwindcss_oxide::scanner: Reading "D:\\Data\\data\\Portfolio\\Website Builder\\website-builder\\src\\components\\ui\\select.tsx"
2025-05-17T15:35:44.030963Z  INFO tailwindcss_oxide::scanner: Reading "D:\\Data\\data\\Portfolio\\Website Builder\\website-builder\\README.md"
2025-05-17T15:35:44.030995Z  INFO tailwindcss_oxide::scanner: Reading "D:\\Data\\data\\Portfolio\\Website Builder\\website-builder\\src\\app\\generated\\prisma\\runtime\\edge-esm.js"
2025-05-17T15:35:44.031024Z  INFO tailwindcss_oxide::scanner: Reading "D:\\Data\\data\\Portfolio\\Website Builder\\website-builder\\src\\components\\ui\\dropdown-menu.tsx"
2025-05-17T15:35:44.031047Z  INFO tailwindcss_oxide::scanner: Reading "D:\\Data\\data\\Portfolio\\Website Builder\\website-builder\\src\\app\\(main)\\agency\\(auth)\\layout.tsx"
2025-05-17T15:35:44.031119Z  INFO tailwindcss_oxide::scanner: Reading "D:\\Data\\data\\Portfolio\\Website Builder\\website-builder\\src\\components\\ui\\separator.tsx"
2025-05-17T15:35:44.031129Z  INFO tailwindcss_oxide::scanner: Reading "D:\\Data\\data\\Portfolio\\Website Builder\\website-builder\\src\\app\\(main)\\agency\\(auth)\\sign-in\\page.tsx"
2025-05-17T15:35:44.031129Z  INFO tailwindcss_oxide::scanner: Reading "D:\\Data\\data\\Portfolio\\Website Builder\\website-builder\\src\\components\\ui\\checkbox.tsx"
2025-05-17T15:35:44.031150Z  INFO tailwindcss_oxide::scanner: Reading "D:\\Data\\data\\Portfolio\\Website Builder\\website-builder\\src\\app\\generated\\prisma\\runtime\\edge.js"
2025-05-17T15:35:44.031182Z  INFO tailwindcss_oxide::scanner: Reading "D:\\Data\\data\\Portfolio\\Website Builder\\website-builder\\src\\components\\ui\\alert.tsx"
2025-05-17T15:35:44.031170Z  INFO tailwindcss_oxide::scanner: Reading "D:\\Data\\data\\Portfolio\\Website Builder\\website-builder\\src\\components\\ui\\command.tsx"
2025-05-17T15:35:44.031205Z  INFO tailwindcss_oxide::scanner: Reading "D:\\Data\\data\\Portfolio\\Website Builder\\website-builder\\src\\components\\ui\\button.tsx"
2025-05-17T15:35:44.031209Z  INFO tailwindcss_oxide::scanner: Reading "D:\\Data\\data\\Portfolio\\Website Builder\\website-builder\\src\\components\\ui\\badge.tsx"
2025-05-17T15:35:44.031240Z  INFO tailwindcss_oxide::scanner: Reading "D:\\Data\\data\\Portfolio\\Website Builder\\website-builder\\src\\app\\(main)\\agency\\(auth)\\sign-up\\[[...sign-up]]\\page.tsx"
2025-05-17T15:35:44.031295Z  INFO tailwindcss_oxide::scanner: Reading "D:\\Data\\data\\Portfolio\\Website Builder\\website-builder\\src\\app\\generated\\prisma\\runtime\\index-browser.d.ts"
2025-05-17T15:35:44.031314Z  INFO tailwindcss_oxide::scanner: Reading "D:\\Data\\data\\Portfolio\\Website Builder\\website-builder\\src\\components\\ui\\toggle-group.tsx"
2025-05-17T15:35:44.031324Z  INFO tailwindcss_oxide::scanner: Reading "D:\\Data\\data\\Portfolio\\Website Builder\\website-builder\\src\\app\\(main)\\agency\\page.tsx"
2025-05-17T15:35:44.031356Z  INFO tailwindcss_oxide::scanner: Reading "D:\\Data\\data\\Portfolio\\Website Builder\\website-builder\\src\\components\\ui\\card.tsx"
2025-05-17T15:35:44.031403Z  INFO tailwindcss_oxide::scanner: Reading "D:\\Data\\data\\Portfolio\\Website Builder\\website-builder\\src\\app\\(main)\\agency\\[agencyId]\\page.tsx"
2025-05-17T15:35:44.031402Z  INFO tailwindcss_oxide::scanner: Reading "D:\\Data\\data\\Portfolio\\Website Builder\\website-builder\\src\\components\\ui\\form.tsx"
2025-05-17T15:35:44.031475Z  INFO tailwindcss_oxide::scanner: Reading "D:\\Data\\data\\Portfolio\\Website Builder\\website-builder\\src\\app\\(main)\\layout.tsx"
2025-05-17T15:35:44.031493Z  INFO tailwindcss_oxide::scanner: Reading "D:\\Data\\data\\Portfolio\\Website Builder\\website-builder\\src\\lib\\constants.ts"
2025-05-17T15:35:44.031547Z  INFO tailwindcss_oxide::scanner: Reading "D:\\Data\\data\\Portfolio\\Website Builder\\website-builder\\src\\app\\(main)\\subaccount\\layout.tsx"
2025-05-17T15:35:44.031573Z  INFO tailwindcss_oxide::scanner: Reading "D:\\Data\\data\\Portfolio\\Website Builder\\website-builder\\src\\components\\ui\\sheet.tsx"
2025-05-17T15:35:44.031611Z  INFO tailwindcss_oxide::scanner: Reading "D:\\Data\\data\\Portfolio\\Website Builder\\website-builder\\src\\app\\generated\\prisma\\index.d.ts"
2025-05-17T15:35:44.031624Z  INFO tailwindcss_oxide::scanner: Reading "D:\\Data\\data\\Portfolio\\Website Builder\\website-builder\\src\\config.ts"
2025-05-17T15:35:44.031710Z  INFO tailwindcss_oxide::scanner: Reading "D:\\Data\\data\\Portfolio\\Website Builder\\website-builder\\src\\lib\\prisma.ts"
2025-05-17T15:35:44.031767Z  INFO tailwindcss_oxide::scanner: Reading "D:\\Data\\data\\Portfolio\\Website Builder\\website-builder\\src\\hooks\\use-mobile.ts"
2025-05-17T15:35:44.031795Z  INFO tailwindcss_oxide::scanner: Reading "D:\\Data\\data\\Portfolio\\Website Builder\\website-builder\\src\\components\\ui\\collapsible.tsx"
2025-05-17T15:35:44.031839Z  INFO tailwindcss_oxide::scanner: Reading "D:\\Data\\data\\Portfolio\\Website Builder\\website-builder\\src\\lib\\queries.ts"
2025-05-17T15:35:44.031891Z  INFO tailwindcss_oxide::scanner: Reading "D:\\Data\\data\\Portfolio\\Website Builder\\website-builder\\src\\components\\ui\\context-menu.tsx"
2025-05-17T15:35:44.031916Z  INFO tailwindcss_oxide::scanner: Reading "D:\\Data\\data\\Portfolio\\Website Builder\\website-builder\\src\\components\\ui\\calendar.tsx"
2025-05-17T15:35:44.031926Z  INFO tailwindcss_oxide::scanner: Reading "D:\\Data\\data\\Portfolio\\Website Builder\\website-builder\\src\\lib\\uploadthing.ts"
2025-05-17T15:35:44.031940Z  INFO tailwindcss_oxide::scanner: Reading "D:\\Data\\data\\Portfolio\\Website Builder\\website-builder\\src\\components\\ui\\breadcrumb.tsx"
2025-05-17T15:35:44.031883Z  INFO tailwindcss_oxide::scanner: Reading "D:\\Data\\data\\Portfolio\\Website Builder\\website-builder\\src\\components\\ui\\slider.tsx"
2025-05-17T15:35:44.031954Z  INFO tailwindcss_oxide::scanner: Reading "D:\\Data\\data\\Portfolio\\Website Builder\\website-builder\\src\\components\\ui\\aspect-ratio.tsx"
2025-05-17T15:35:44.032004Z  INFO tailwindcss_oxide::scanner: Reading "D:\\Data\\data\\Portfolio\\Website Builder\\website-builder\\src\\components\\ui\\toggle.tsx"
2025-05-17T15:35:44.032008Z  INFO tailwindcss_oxide::scanner: Reading "D:\\Data\\data\\Portfolio\\Website Builder\\website-builder\\src\\lib\\utils.ts"
2025-05-17T15:35:44.032018Z  INFO tailwindcss_oxide::scanner: Reading "D:\\Data\\data\\Portfolio\\Website Builder\\website-builder\\src\\app\\generated\\prisma\\index.js"
2025-05-17T15:35:44.032023Z  INFO tailwindcss_oxide::scanner: Reading "D:\\Data\\data\\Portfolio\\Website Builder\\website-builder\\src\\components\\ui\\carousel.tsx"
2025-05-17T15:35:44.032061Z  INFO tailwindcss_oxide::scanner: Reading "D:\\Data\\data\\Portfolio\\Website Builder\\website-builder\\src\\components\\ui\\hover-card.tsx"
2025-05-17T15:35:44.032087Z  INFO tailwindcss_oxide::scanner: Reading "D:\\Data\\data\\Portfolio\\Website Builder\\website-builder\\src\\components\\ui\\dialog.tsx"
2025-05-17T15:35:44.032097Z  INFO tailwindcss_oxide::scanner: Reading "D:\\Data\\data\\Portfolio\\Website Builder\\website-builder\\src\\middleware.ts"
2025-05-17T15:35:44.032096Z  INFO tailwindcss_oxide::scanner: Reading "D:\\Data\\data\\Portfolio\\Website Builder\\website-builder\\src\\components\\ui\\skeleton.tsx"
2025-05-17T15:35:44.032099Z  INFO tailwindcss_oxide::scanner: Reading "D:\\Data\\data\\Portfolio\\Website Builder\\website-builder\\src\\components\\ui\\input.tsx"
2025-05-17T15:35:44.032167Z  INFO tailwindcss_oxide::scanner: Reading "D:\\Data\\data\\Portfolio\\Website Builder\\website-builder\\src\\providers\\theme-provider.tsx"
2025-05-17T15:35:44.032184Z  INFO tailwindcss_oxide::scanner: Reading "D:\\Data\\data\\Portfolio\\Website Builder\\website-builder\\src\\components\\ui\\sidebar.tsx"
2025-05-17T15:35:44.032184Z  INFO tailwindcss_oxide::scanner: Reading "D:\\Data\\data\\Portfolio\\Website Builder\\website-builder\\tsconfig.json"
2025-05-17T15:35:44.032353Z  INFO tailwindcss_oxide::scanner: Reading "D:\\Data\\data\\Portfolio\\Website Builder\\website-builder\\src\\components\\ui\\drawer.tsx"
2025-05-17T15:35:44.032447Z  INFO tailwindcss_oxide::scanner: Reading "D:\\Data\\data\\Portfolio\\Website Builder\\website-builder\\src\\components\\ui\\input-otp.tsx"
2025-05-17T15:35:44.032467Z  INFO tailwindcss_oxide::scanner: Reading "D:\\Data\\data\\Portfolio\\Website Builder\\website-builder\\src\\components\\ui\\tooltip.tsx"
2025-05-17T15:35:44.032480Z  INFO tailwindcss_oxide::scanner: Reading "D:\\Data\\data\\Portfolio\\Website Builder\\website-builder\\src\\components\\ui\\menubar.tsx"
2025-05-17T15:35:44.032506Z  INFO tailwindcss_oxide::scanner: Reading "D:\\Data\\data\\Portfolio\\Website Builder\\website-builder\\src\\components\\ui\\label.tsx"
2025-05-17T15:35:44.032524Z  INFO tailwindcss_oxide::scanner: Reading "D:\\Data\\data\\Portfolio\\Website Builder\\website-builder\\src\\components\\ui\\sonner.tsx"
2025-05-17T15:35:44.032542Z  INFO tailwindcss_oxide::scanner: Reading "D:\\Data\\data\\Portfolio\\Website Builder\\website-builder\\src\\components\\ui\\navigation-menu.tsx"
2025-05-17T15:35:44.032550Z  INFO tailwindcss_oxide::scanner: Reading "D:\\Data\\data\\Portfolio\\Website Builder\\website-builder\\src\\components\\ui\\switch.tsx"
2025-05-17T15:35:44.032585Z  INFO tailwindcss_oxide::scanner: Reading "D:\\Data\\data\\Portfolio\\Website Builder\\website-builder\\src\\components\\ui\\table.tsx"
2025-05-17T15:35:44.032678Z  INFO extract_candidates:read_all_files: tailwindcss_oxide::scanner: exit
2025-05-17T15:35:44.032695Z  INFO extract_candidates:parse_all_blobs: tailwindcss_oxide::scanner: enter
2025-05-17T15:35:44.032701Z  INFO extract_candidates:parse_all_blobs:extract: tailwindcss_oxide::scanner: enter
2025-05-17T15:35:44.059530Z  INFO extract_candidates:parse_all_blobs:extract: tailwindcss_oxide::scanner: exit
2025-05-17T15:35:44.059739Z  INFO extract_candidates:parse_all_blobs: tailwindcss_oxide::scanner: exit
2025-05-17T15:35:44.059762Z  INFO extract_candidates:read_all_files: tailwindcss_oxide::scanner: enter
2025-05-17T15:35:44.059766Z  INFO extract_candidates:read_all_files: tailwindcss_oxide::scanner: Reading 1 file(s)
2025-05-17T15:35:44.060036Z  INFO extract_candidates:read_all_files: tailwindcss_oxide::scanner: Reading "D:\\Data\\data\\Portfolio\\Website Builder\\website-builder\\src\\app\\globals.css"
2025-05-17T15:35:44.060055Z  INFO extract_candidates:read_all_files: tailwindcss_oxide::scanner: exit
2025-05-17T15:35:44.060061Z  INFO extract_candidates:extract_css_variables: tailwindcss_oxide::scanner: enter
2025-05-17T15:35:44.060065Z  INFO extract_candidates:extract_css_variables:extract: tailwindcss_oxide::scanner: enter
2025-05-17T15:35:44.060240Z  INFO extract_candidates:extract_css_variables:extract: tailwindcss_oxide::scanner: exit
2025-05-17T15:35:44.060264Z  INFO extract_candidates:extract_css_variables: tailwindcss_oxide::scanner: exit
2025-05-17T15:35:44.062121Z  INFO extract_candidates: tailwindcss_oxide::scanner: exit
2025-05-17T15:35:44.063883Z  INFO get_files: tailwindcss_oxide::scanner: enter
2025-05-17T15:35:44.063923Z  INFO get_files:scan_sources: tailwindcss_oxide::scanner: enter
2025-05-17T15:35:44.066520Z  INFO get_files:scan_sources: tailwindcss_oxide::scanner: Discovering "D:\\Data\\data\\Portfolio\\Website Builder\\website-builder\\.idea"
2025-05-17T15:35:44.067147Z  INFO get_files:scan_sources: tailwindcss_oxide::scanner: Discovering "D:\\Data\\data\\Portfolio\\Website Builder\\website-builder\\.idea\\inspectionProfiles"
2025-05-17T15:35:44.068397Z  INFO get_files:scan_sources: tailwindcss_oxide::scanner: Discovering "D:\\Data\\data\\Portfolio\\Website Builder\\website-builder\\.vscode"
2025-05-17T15:35:44.070421Z  INFO get_files:scan_sources: tailwindcss_oxide::scanner: Discovering "D:\\Data\\data\\Portfolio\\Website Builder\\website-builder\\prisma"
2025-05-17T15:35:44.071044Z  INFO get_files:scan_sources: tailwindcss_oxide::scanner: Discovering "D:\\Data\\data\\Portfolio\\Website Builder\\website-builder\\prisma\\migrations"
2025-05-17T15:35:44.071585Z  INFO get_files:scan_sources: tailwindcss_oxide::scanner: Discovering "D:\\Data\\data\\Portfolio\\Website Builder\\website-builder\\prisma\\migrations\\20250514191859_init"
2025-05-17T15:35:44.071889Z  INFO get_files:scan_sources: tailwindcss_oxide::scanner: Discovering "D:\\Data\\data\\Portfolio\\Website Builder\\website-builder\\prisma\\migrations\\20250514192452_fixed_some_spelling_issues"
2025-05-17T15:35:44.072152Z  INFO get_files:scan_sources: tailwindcss_oxide::scanner: Discovering "D:\\Data\\data\\Portfolio\\Website Builder\\website-builder\\prisma\\migrations\\20250516110039_removed_cust_id_from_agency_just_for_now"
2025-05-17T15:35:44.072454Z  INFO get_files:scan_sources: tailwindcss_oxide::scanner: Discovering "D:\\Data\\data\\Portfolio\\Website Builder\\website-builder\\prisma\\migrations\\20250517121620_fixed_city_captilization"
2025-05-17T15:35:44.072933Z  INFO get_files:scan_sources: tailwindcss_oxide::scanner: Discovering "D:\\Data\\data\\Portfolio\\Website Builder\\website-builder\\public"
2025-05-17T15:35:44.073222Z  INFO get_files:scan_sources: tailwindcss_oxide::scanner: Discovering "D:\\Data\\data\\Portfolio\\Website Builder\\website-builder\\public\\assets"
2025-05-17T15:35:44.073916Z  INFO get_files:scan_sources: tailwindcss_oxide::scanner: Discovering "D:\\Data\\data\\Portfolio\\Website Builder\\website-builder\\src"
2025-05-17T15:35:44.074172Z  INFO get_files:scan_sources: tailwindcss_oxide::scanner: Discovering "D:\\Data\\data\\Portfolio\\Website Builder\\website-builder\\src\\app"
2025-05-17T15:35:44.074445Z  INFO get_files:scan_sources: tailwindcss_oxide::scanner: Discovering "D:\\Data\\data\\Portfolio\\Website Builder\\website-builder\\src\\app\\(main)"
2025-05-17T15:35:44.074727Z  INFO get_files:scan_sources: tailwindcss_oxide::scanner: Discovering "D:\\Data\\data\\Portfolio\\Website Builder\\website-builder\\src\\app\\(main)\\agency"
2025-05-17T15:35:44.075286Z  INFO get_files:scan_sources: tailwindcss_oxide::scanner: Discovering "D:\\Data\\data\\Portfolio\\Website Builder\\website-builder\\src\\app\\(main)\\agency\\(auth)"
2025-05-17T15:35:44.076059Z  INFO get_files:scan_sources: tailwindcss_oxide::scanner: Discovering "D:\\Data\\data\\Portfolio\\Website Builder\\website-builder\\src\\app\\(main)\\agency\\(auth)\\sign-in"
2025-05-17T15:35:44.076548Z  INFO get_files:scan_sources: tailwindcss_oxide::scanner: Discovering "D:\\Data\\data\\Portfolio\\Website Builder\\website-builder\\src\\app\\(main)\\agency\\(auth)\\sign-in\\[[...sign-in]]"
2025-05-17T15:35:44.076967Z  INFO get_files:scan_sources: tailwindcss_oxide::scanner: Discovering "D:\\Data\\data\\Portfolio\\Website Builder\\website-builder\\src\\app\\(main)\\agency\\(auth)\\sign-up"
2025-05-17T15:35:44.077312Z  INFO get_files:scan_sources: tailwindcss_oxide::scanner: Discovering "D:\\Data\\data\\Portfolio\\Website Builder\\website-builder\\src\\app\\(main)\\agency\\(auth)\\sign-up\\[[...sign-up]]"
2025-05-17T15:35:44.078085Z  INFO get_files:scan_sources: tailwindcss_oxide::scanner: Discovering "D:\\Data\\data\\Portfolio\\Website Builder\\website-builder\\src\\app\\(main)\\agency\\[agencyId]"
2025-05-17T15:35:44.078479Z  INFO get_files:scan_sources: tailwindcss_oxide::scanner: Discovering "D:\\Data\\data\\Portfolio\\Website Builder\\website-builder\\src\\app\\(main)\\subaccount"
2025-05-17T15:35:44.078832Z  INFO get_files:scan_sources: tailwindcss_oxide::scanner: Discovering "D:\\Data\\data\\Portfolio\\Website Builder\\website-builder\\src\\app\\api"
2025-05-17T15:35:44.079056Z  INFO get_files:scan_sources: tailwindcss_oxide::scanner: Discovering "D:\\Data\\data\\Portfolio\\Website Builder\\website-builder\\src\\app\\api\\uploadthing"
2025-05-17T15:35:44.079408Z  INFO get_files:scan_sources: tailwindcss_oxide::scanner: Discovering "D:\\Data\\data\\Portfolio\\Website Builder\\website-builder\\src\\app\\generated"
2025-05-17T15:35:44.079656Z  INFO get_files:scan_sources: tailwindcss_oxide::scanner: Discovering "D:\\Data\\data\\Portfolio\\Website Builder\\website-builder\\src\\app\\generated\\prisma"
2025-05-17T15:35:44.080593Z  INFO get_files:scan_sources: tailwindcss_oxide::scanner: Discovering "D:\\Data\\data\\Portfolio\\Website Builder\\website-builder\\src\\app\\generated\\prisma\\runtime"
2025-05-17T15:35:44.082376Z  INFO get_files:scan_sources: tailwindcss_oxide::scanner: Discovering "D:\\Data\\data\\Portfolio\\Website Builder\\website-builder\\src\\app\\site"
2025-05-17T15:35:44.083506Z  INFO get_files:scan_sources: tailwindcss_oxide::scanner: Discovering "D:\\Data\\data\\Portfolio\\Website Builder\\website-builder\\src\\app\\[domain]"
2025-05-17T15:35:44.084350Z  INFO get_files:scan_sources: tailwindcss_oxide::scanner: Discovering "D:\\Data\\data\\Portfolio\\Website Builder\\website-builder\\src\\app\\[domain]\\[path]"
2025-05-17T15:35:44.085229Z  INFO get_files:scan_sources: tailwindcss_oxide::scanner: Discovering "D:\\Data\\data\\Portfolio\\Website Builder\\website-builder\\src\\components"
2025-05-17T15:35:44.085896Z  INFO get_files:scan_sources: tailwindcss_oxide::scanner: Discovering "D:\\Data\\data\\Portfolio\\Website Builder\\website-builder\\src\\components\\forms"
2025-05-17T15:35:44.086685Z  INFO get_files:scan_sources: tailwindcss_oxide::scanner: Discovering "D:\\Data\\data\\Portfolio\\Website Builder\\website-builder\\src\\components\\global"
2025-05-17T15:35:44.087527Z  INFO get_files:scan_sources: tailwindcss_oxide::scanner: Discovering "D:\\Data\\data\\Portfolio\\Website Builder\\website-builder\\src\\components\\site"
2025-05-17T15:35:44.087743Z  INFO get_files:scan_sources: tailwindcss_oxide::scanner: Discovering "D:\\Data\\data\\Portfolio\\Website Builder\\website-builder\\src\\components\\site\\Navigation"
2025-05-17T15:35:44.087996Z  INFO get_files:scan_sources: tailwindcss_oxide::scanner: Discovering "D:\\Data\\data\\Portfolio\\Website Builder\\website-builder\\src\\components\\ui"
2025-05-17T15:35:44.091119Z  INFO get_files:scan_sources: tailwindcss_oxide::scanner: Discovering "D:\\Data\\data\\Portfolio\\Website Builder\\website-builder\\src\\hooks"
2025-05-17T15:35:44.091740Z  INFO get_files:scan_sources: tailwindcss_oxide::scanner: Discovering "D:\\Data\\data\\Portfolio\\Website Builder\\website-builder\\src\\lib"
2025-05-17T15:35:44.092284Z  INFO get_files:scan_sources: tailwindcss_oxide::scanner: Discovering "D:\\Data\\data\\Portfolio\\Website Builder\\website-builder\\src\\providers"
2025-05-17T15:35:44.093634Z  INFO get_files:scan_sources: tailwindcss_oxide::scanner: Discovering "D:\\Data\\data\\Portfolio\\Website Builder\\website-builder\\src\\app\\(main)"
2025-05-17T15:35:44.093846Z  INFO get_files:scan_sources: tailwindcss_oxide::scanner: Discovering "D:\\Data\\data\\Portfolio\\Website Builder\\website-builder\\src\\app\\(main)\\agency"
2025-05-17T15:35:44.094043Z  INFO get_files:scan_sources: tailwindcss_oxide::scanner: Discovering "D:\\Data\\data\\Portfolio\\Website Builder\\website-builder\\src\\app\\(main)\\agency\\(auth)"
2025-05-17T15:35:44.094291Z  INFO get_files:scan_sources: tailwindcss_oxide::scanner: Discovering "D:\\Data\\data\\Portfolio\\Website Builder\\website-builder\\src\\app\\(main)\\agency\\(auth)\\sign-in"
2025-05-17T15:35:44.094544Z  INFO get_files:scan_sources: tailwindcss_oxide::scanner: Discovering "D:\\Data\\data\\Portfolio\\Website Builder\\website-builder\\src\\app\\(main)\\agency\\(auth)\\sign-in\\[[...sign-in]]"
2025-05-17T15:35:44.094804Z  INFO get_files:scan_sources: tailwindcss_oxide::scanner: Discovering "D:\\Data\\data\\Portfolio\\Website Builder\\website-builder\\src\\app\\(main)\\agency\\(auth)\\sign-up"
2025-05-17T15:35:44.095025Z  INFO get_files:scan_sources: tailwindcss_oxide::scanner: Discovering "D:\\Data\\data\\Portfolio\\Website Builder\\website-builder\\src\\app\\(main)\\agency\\(auth)\\sign-up\\[[...sign-up]]"
2025-05-17T15:35:44.095415Z  INFO get_files:scan_sources: tailwindcss_oxide::scanner: Discovering "D:\\Data\\data\\Portfolio\\Website Builder\\website-builder\\src\\app\\(main)\\agency\\[agencyId]"
2025-05-17T15:35:44.095803Z  INFO get_files:scan_sources: tailwindcss_oxide::scanner: Discovering "D:\\Data\\data\\Portfolio\\Website Builder\\website-builder\\src\\app\\(main)\\subaccount"
2025-05-17T15:35:44.096136Z  INFO get_files:scan_sources: tailwindcss_oxide::scanner: Discovering "D:\\Data\\data\\Portfolio\\Website Builder\\website-builder\\src\\app\\api"
2025-05-17T15:35:44.096336Z  INFO get_files:scan_sources: tailwindcss_oxide::scanner: Discovering "D:\\Data\\data\\Portfolio\\Website Builder\\website-builder\\src\\app\\api\\uploadthing"
2025-05-17T15:35:44.096660Z  INFO get_files:scan_sources: tailwindcss_oxide::scanner: Discovering "D:\\Data\\data\\Portfolio\\Website Builder\\website-builder\\src\\app\\generated"
2025-05-17T15:35:44.096886Z  INFO get_files:scan_sources: tailwindcss_oxide::scanner: Discovering "D:\\Data\\data\\Portfolio\\Website Builder\\website-builder\\src\\app\\generated\\prisma"
2025-05-17T15:35:44.097548Z  INFO get_files:scan_sources: tailwindcss_oxide::scanner: Discovering "D:\\Data\\data\\Portfolio\\Website Builder\\website-builder\\src\\app\\generated\\prisma\\runtime"
2025-05-17T15:35:44.098383Z  INFO get_files:scan_sources: tailwindcss_oxide::scanner: Discovering "D:\\Data\\data\\Portfolio\\Website Builder\\website-builder\\src\\app\\site"
2025-05-17T15:35:44.098712Z  INFO get_files:scan_sources: tailwindcss_oxide::scanner: Discovering "D:\\Data\\data\\Portfolio\\Website Builder\\website-builder\\src\\app\\[domain]"
2025-05-17T15:35:44.098987Z  INFO get_files:scan_sources: tailwindcss_oxide::scanner: Discovering "D:\\Data\\data\\Portfolio\\Website Builder\\website-builder\\src\\app\\[domain]\\[path]"
2025-05-17T15:35:44.099346Z  INFO get_files:scan_sources: tailwindcss_oxide::scanner: exit
2025-05-17T15:35:44.099540Z  INFO get_files: tailwindcss_oxide::scanner: exit
2025-05-17T15:35:44.099973Z  INFO get_globs: tailwindcss_oxide::scanner: enter
2025-05-17T15:35:44.099996Z  INFO get_globs:scan_sources: tailwindcss_oxide::scanner: enter
2025-05-17T15:35:44.101782Z  INFO get_globs:scan_sources: tailwindcss_oxide::scanner: Discovering "D:\\Data\\data\\Portfolio\\Website Builder\\website-builder\\.idea"
2025-05-17T15:35:44.102102Z  INFO get_globs:scan_sources: tailwindcss_oxide::scanner: Discovering "D:\\Data\\data\\Portfolio\\Website Builder\\website-builder\\.idea\\inspectionProfiles"
2025-05-17T15:35:44.102683Z  INFO get_globs:scan_sources: tailwindcss_oxide::scanner: Discovering "D:\\Data\\data\\Portfolio\\Website Builder\\website-builder\\.vscode"
2025-05-17T15:35:44.103502Z  INFO get_globs:scan_sources: tailwindcss_oxide::scanner: Discovering "D:\\Data\\data\\Portfolio\\Website Builder\\website-builder\\prisma"
2025-05-17T15:35:44.103733Z  INFO get_globs:scan_sources: tailwindcss_oxide::scanner: Discovering "D:\\Data\\data\\Portfolio\\Website Builder\\website-builder\\prisma\\migrations"
2025-05-17T15:35:44.103948Z  INFO get_globs:scan_sources: tailwindcss_oxide::scanner: Discovering "D:\\Data\\data\\Portfolio\\Website Builder\\website-builder\\prisma\\migrations\\20250514191859_init"
2025-05-17T15:35:44.104246Z  INFO get_globs:scan_sources: tailwindcss_oxide::scanner: Discovering "D:\\Data\\data\\Portfolio\\Website Builder\\website-builder\\prisma\\migrations\\20250514192452_fixed_some_spelling_issues"
2025-05-17T15:35:44.104556Z  INFO get_globs:scan_sources: tailwindcss_oxide::scanner: Discovering "D:\\Data\\data\\Portfolio\\Website Builder\\website-builder\\prisma\\migrations\\20250516110039_removed_cust_id_from_agency_just_for_now"
2025-05-17T15:35:44.104879Z  INFO get_globs:scan_sources: tailwindcss_oxide::scanner: Discovering "D:\\Data\\data\\Portfolio\\Website Builder\\website-builder\\prisma\\migrations\\20250517121620_fixed_city_captilization"
2025-05-17T15:35:44.105448Z  INFO get_globs:scan_sources: tailwindcss_oxide::scanner: Discovering "D:\\Data\\data\\Portfolio\\Website Builder\\website-builder\\public"
2025-05-17T15:35:44.105865Z  INFO get_globs:scan_sources: tailwindcss_oxide::scanner: Discovering "D:\\Data\\data\\Portfolio\\Website Builder\\website-builder\\public\\assets"
2025-05-17T15:35:44.106589Z  INFO get_globs:scan_sources: tailwindcss_oxide::scanner: Discovering "D:\\Data\\data\\Portfolio\\Website Builder\\website-builder\\src"
2025-05-17T15:35:44.106874Z  INFO get_globs:scan_sources: tailwindcss_oxide::scanner: Discovering "D:\\Data\\data\\Portfolio\\Website Builder\\website-builder\\src\\app"
2025-05-17T15:35:44.107135Z  INFO get_globs:scan_sources: tailwindcss_oxide::scanner: Discovering "D:\\Data\\data\\Portfolio\\Website Builder\\website-builder\\src\\app\\(main)"
2025-05-17T15:35:44.107358Z  INFO get_globs:scan_sources: tailwindcss_oxide::scanner: Discovering "D:\\Data\\data\\Portfolio\\Website Builder\\website-builder\\src\\app\\(main)\\agency"
2025-05-17T15:35:44.107570Z  INFO get_globs:scan_sources: tailwindcss_oxide::scanner: Discovering "D:\\Data\\data\\Portfolio\\Website Builder\\website-builder\\src\\app\\(main)\\agency\\(auth)"
2025-05-17T15:35:44.107895Z  INFO get_globs:scan_sources: tailwindcss_oxide::scanner: Discovering "D:\\Data\\data\\Portfolio\\Website Builder\\website-builder\\src\\app\\(main)\\agency\\(auth)\\sign-in"
2025-05-17T15:35:44.108143Z  INFO get_globs:scan_sources: tailwindcss_oxide::scanner: Discovering "D:\\Data\\data\\Portfolio\\Website Builder\\website-builder\\src\\app\\(main)\\agency\\(auth)\\sign-in\\[[...sign-in]]"
2025-05-17T15:35:44.108363Z  INFO get_globs:scan_sources: tailwindcss_oxide::scanner: Discovering "D:\\Data\\data\\Portfolio\\Website Builder\\website-builder\\src\\app\\(main)\\agency\\(auth)\\sign-up"
2025-05-17T15:35:44.108555Z  INFO get_globs:scan_sources: tailwindcss_oxide::scanner: Discovering "D:\\Data\\data\\Portfolio\\Website Builder\\website-builder\\src\\app\\(main)\\agency\\(auth)\\sign-up\\[[...sign-up]]"
2025-05-17T15:35:44.108857Z  INFO get_globs:scan_sources: tailwindcss_oxide::scanner: Discovering "D:\\Data\\data\\Portfolio\\Website Builder\\website-builder\\src\\app\\(main)\\agency\\[agencyId]"
2025-05-17T15:35:44.109137Z  INFO get_globs:scan_sources: tailwindcss_oxide::scanner: Discovering "D:\\Data\\data\\Portfolio\\Website Builder\\website-builder\\src\\app\\(main)\\subaccount"
2025-05-17T15:35:44.109427Z  INFO get_globs:scan_sources: tailwindcss_oxide::scanner: Discovering "D:\\Data\\data\\Portfolio\\Website Builder\\website-builder\\src\\app\\api"
2025-05-17T15:35:44.109660Z  INFO get_globs:scan_sources: tailwindcss_oxide::scanner: Discovering "D:\\Data\\data\\Portfolio\\Website Builder\\website-builder\\src\\app\\api\\uploadthing"
2025-05-17T15:35:44.109990Z  INFO get_globs:scan_sources: tailwindcss_oxide::scanner: Discovering "D:\\Data\\data\\Portfolio\\Website Builder\\website-builder\\src\\app\\generated"
2025-05-17T15:35:44.110186Z  INFO get_globs:scan_sources: tailwindcss_oxide::scanner: Discovering "D:\\Data\\data\\Portfolio\\Website Builder\\website-builder\\src\\app\\generated\\prisma"
2025-05-17T15:35:44.110846Z  INFO get_globs:scan_sources: tailwindcss_oxide::scanner: Discovering "D:\\Data\\data\\Portfolio\\Website Builder\\website-builder\\src\\app\\generated\\prisma\\runtime"
2025-05-17T15:35:44.111981Z  INFO get_globs:scan_sources: tailwindcss_oxide::scanner: Discovering "D:\\Data\\data\\Portfolio\\Website Builder\\website-builder\\src\\app\\site"
2025-05-17T15:35:44.112441Z  INFO get_globs:scan_sources: tailwindcss_oxide::scanner: Discovering "D:\\Data\\data\\Portfolio\\Website Builder\\website-builder\\src\\app\\[domain]"
2025-05-17T15:35:44.112729Z  INFO get_globs:scan_sources: tailwindcss_oxide::scanner: Discovering "D:\\Data\\data\\Portfolio\\Website Builder\\website-builder\\src\\app\\[domain]\\[path]"
2025-05-17T15:35:44.113101Z  INFO get_globs:scan_sources: tailwindcss_oxide::scanner: Discovering "D:\\Data\\data\\Portfolio\\Website Builder\\website-builder\\src\\components"
2025-05-17T15:35:44.113330Z  INFO get_globs:scan_sources: tailwindcss_oxide::scanner: Discovering "D:\\Data\\data\\Portfolio\\Website Builder\\website-builder\\src\\components\\forms"
2025-05-17T15:35:44.113800Z  INFO get_globs:scan_sources: tailwindcss_oxide::scanner: Discovering "D:\\Data\\data\\Portfolio\\Website Builder\\website-builder\\src\\components\\global"
2025-05-17T15:35:44.114128Z  INFO get_globs:scan_sources: tailwindcss_oxide::scanner: Discovering "D:\\Data\\data\\Portfolio\\Website Builder\\website-builder\\src\\components\\site"
2025-05-17T15:35:44.114332Z  INFO get_globs:scan_sources: tailwindcss_oxide::scanner: Discovering "D:\\Data\\data\\Portfolio\\Website Builder\\website-builder\\src\\components\\site\\Navigation"
2025-05-17T15:35:44.114615Z  INFO get_globs:scan_sources: tailwindcss_oxide::scanner: Discovering "D:\\Data\\data\\Portfolio\\Website Builder\\website-builder\\src\\components\\ui"
2025-05-17T15:35:44.117062Z  INFO get_globs:scan_sources: tailwindcss_oxide::scanner: Discovering "D:\\Data\\data\\Portfolio\\Website Builder\\website-builder\\src\\hooks"
2025-05-17T15:35:44.117384Z  INFO get_globs:scan_sources: tailwindcss_oxide::scanner: Discovering "D:\\Data\\data\\Portfolio\\Website Builder\\website-builder\\src\\lib"
2025-05-17T15:35:44.117855Z  INFO get_globs:scan_sources: tailwindcss_oxide::scanner: Discovering "D:\\Data\\data\\Portfolio\\Website Builder\\website-builder\\src\\providers"
2025-05-17T15:35:44.119245Z  INFO get_globs:scan_sources: tailwindcss_oxide::scanner: Discovering "D:\\Data\\data\\Portfolio\\Website Builder\\website-builder\\src\\app\\(main)"
2025-05-17T15:35:44.119544Z  INFO get_globs:scan_sources: tailwindcss_oxide::scanner: Discovering "D:\\Data\\data\\Portfolio\\Website Builder\\website-builder\\src\\app\\(main)\\agency"
2025-05-17T15:35:44.119842Z  INFO get_globs:scan_sources: tailwindcss_oxide::scanner: Discovering "D:\\Data\\data\\Portfolio\\Website Builder\\website-builder\\src\\app\\(main)\\agency\\(auth)"
2025-05-17T15:35:44.120213Z  INFO get_globs:scan_sources: tailwindcss_oxide::scanner: Discovering "D:\\Data\\data\\Portfolio\\Website Builder\\website-builder\\src\\app\\(main)\\agency\\(auth)\\sign-in"
2025-05-17T15:35:44.120498Z  INFO get_globs:scan_sources: tailwindcss_oxide::scanner: Discovering "D:\\Data\\data\\Portfolio\\Website Builder\\website-builder\\src\\app\\(main)\\agency\\(auth)\\sign-in\\[[...sign-in]]"
2025-05-17T15:35:44.120786Z  INFO get_globs:scan_sources: tailwindcss_oxide::scanner: Discovering "D:\\Data\\data\\Portfolio\\Website Builder\\website-builder\\src\\app\\(main)\\agency\\(auth)\\sign-up"
2025-05-17T15:35:44.121012Z  INFO get_globs:scan_sources: tailwindcss_oxide::scanner: Discovering "D:\\Data\\data\\Portfolio\\Website Builder\\website-builder\\src\\app\\(main)\\agency\\(auth)\\sign-up\\[[...sign-up]]"
2025-05-17T15:35:44.121434Z  INFO get_globs:scan_sources: tailwindcss_oxide::scanner: Discovering "D:\\Data\\data\\Portfolio\\Website Builder\\website-builder\\src\\app\\(main)\\agency\\[agencyId]"
2025-05-17T15:35:44.121730Z  INFO get_globs:scan_sources: tailwindcss_oxide::scanner: Discovering "D:\\Data\\data\\Portfolio\\Website Builder\\website-builder\\src\\app\\(main)\\subaccount"
2025-05-17T15:35:44.121984Z  INFO get_globs:scan_sources: tailwindcss_oxide::scanner: Discovering "D:\\Data\\data\\Portfolio\\Website Builder\\website-builder\\src\\app\\api"
2025-05-17T15:35:44.122172Z  INFO get_globs:scan_sources: tailwindcss_oxide::scanner: Discovering "D:\\Data\\data\\Portfolio\\Website Builder\\website-builder\\src\\app\\api\\uploadthing"
2025-05-17T15:35:44.122493Z  INFO get_globs:scan_sources: tailwindcss_oxide::scanner: Discovering "D:\\Data\\data\\Portfolio\\Website Builder\\website-builder\\src\\app\\generated"
2025-05-17T15:35:44.122718Z  INFO get_globs:scan_sources: tailwindcss_oxide::scanner: Discovering "D:\\Data\\data\\Portfolio\\Website Builder\\website-builder\\src\\app\\generated\\prisma"
2025-05-17T15:35:44.123404Z  INFO get_globs:scan_sources: tailwindcss_oxide::scanner: Discovering "D:\\Data\\data\\Portfolio\\Website Builder\\website-builder\\src\\app\\generated\\prisma\\runtime"
2025-05-17T15:35:44.124184Z  INFO get_globs:scan_sources: tailwindcss_oxide::scanner: Discovering "D:\\Data\\data\\Portfolio\\Website Builder\\website-builder\\src\\app\\site"
2025-05-17T15:35:44.124859Z  INFO get_globs:scan_sources: tailwindcss_oxide::scanner: Discovering "D:\\Data\\data\\Portfolio\\Website Builder\\website-builder\\src\\app\\[domain]"
2025-05-17T15:35:44.125326Z  INFO get_globs:scan_sources: tailwindcss_oxide::scanner: Discovering "D:\\Data\\data\\Portfolio\\Website Builder\\website-builder\\src\\app\\[domain]\\[path]"
2025-05-17T15:35:44.125965Z  INFO get_globs:scan_sources: tailwindcss_oxide::scanner: exit
2025-05-17T15:35:44.136690Z ERROR get_globs: tailwindcss_oxide::glob: Failed to resolve glob: Os { code: 3, kind: NotFound, message: "The system cannot find the path specified." }
2025-05-17T15:35:44.137043Z  INFO get_globs: tailwindcss_oxide::scanner: exit
